

HI-TECH Software PIC LITE Macro Assembler V9.83 build 10920 
                                                                                               Mon Sep 09 23:22:22 2013

HI-TECH Software Omniscient Code Generator (Lite mode) build 10920
     1  0000                     opt subtitle "HI-TECH Software Omniscient Code Generator (Lite mode) build 10920"
     2                           
     3                           opt pagewidth 120
     4                           
     5                           	opt lm
     6                           
     7                           	processor	16F690
     8                           clrc	macro
     9                           	bcf	3,0
    10  0000                     	endm
    11                           clrz	macro
    12                           	bcf	3,2
    13  0000                     	endm
    14                           setc	macro
    15                           	bsf	3,0
    16  0000                     	endm
    17                           setz	macro
    18                           	bsf	3,2
    19  0000                     	endm
    20                           skipc	macro
    21                           	btfss	3,0
    22  0000                     	endm
    23                           skipz	macro
    24                           	btfss	3,2
    25  0000                     	endm
    26                           skipnc	macro
    27                           	btfsc	3,0
    28  0000                     	endm
    29                           skipnz	macro
    30                           	btfsc	3,2
    31  0000                     	endm
    32  0000                     indf	equ	0
    33  0000                     indf0	equ	0
    34  0002                     pc	equ	2
    35  0002                     pcl	equ	2
    36  0003                     status	equ	3
    37  0004                     fsr	equ	4
    38  0004                     fsr0	equ	4
    39  0001                     c	equ	1
    40  0000                     z	equ	0
    41  000A                     pclath	equ	10
    42                           # 3 "C:\Users\Alexandre\Documents\Colégio\micros\EEPROM\EEPROM.c"
    43                           	psect config,class=CONFIG,delta=2 ;#
    44                           # 3 "C:\Users\Alexandre\Documents\Colégio\micros\EEPROM\EEPROM.c"
    45  2007  F0C4               	dw 0xFFFC & 0xFFF7 & 0xFFEF & 0xFFDF & 0xFFFF & 0xFFFF & 0xFCFF & 0xFBFF & 0xF7FF ;#
    46                           	FNROOT	_main
    47                           	FNCALL	_xandi_lima,_write_ee
    48                           	FNCALL	intlevel1,_xandi_lima
    49                           	global	intlevel1
    50                           	FNROOT	intlevel1
    51                           	global	_INTCON
    52                           psect	text120,local,class=CODE,delta=2
    53                           global __ptext120
    54  0000                     __ptext120:
    55  000B                     _INTCON	set	11
    56                           	global	_PORTB
    57  0006                     _PORTB	set	6
    58                           	global	_CARRY
    59  0018                     _CARRY	set	24
    60                           	global	_EEIF
    61  006C                     _EEIF	set	108
    62                           	global	_GIE
    63  005F                     _GIE	set	95
    64                           	global	_INTE
    65  005C                     _INTE	set	92
    66                           	global	_INTF
    67  0059                     _INTF	set	89
    68                           	global	_OPTION_REG
    69  0081                     _OPTION_REG	set	129
    70                           	global	_TRISA
    71  0085                     _TRISA	set	133
    72                           	global	_TRISB
    73  0086                     _TRISB	set	134
    74                           	global	_TRISC
    75  0087                     _TRISC	set	135
    76                           	global	_EEIE
    77  046C                     _EEIE	set	1132
    78                           	global	_ANSEL
    79  011E                     _ANSEL	set	286
    80                           	global	_ANSELH
    81  011F                     _ANSELH	set	287
    82                           	global	_EEADR
    83  010D                     _EEADR	set	269
    84                           	global	_EEDAT
    85  010C                     _EEDAT	set	268
    86                           	global	_EEDATA
    87  010C                     _EEDATA	set	268
    88                           	global	_EECON1
    89  018C                     _EECON1	set	396
    90                           	global	_EECON2
    91  018D                     _EECON2	set	397
    92                           	global	_RD
    93  0C60                     _RD	set	3168
    94                           	global	_WR
    95  0C61                     _WR	set	3169
    96                           	global	_WREN
    97  0C62                     _WREN	set	3170
    98                           	file	"EEPROM.as"
    99                           	line	#
   100                           psect cinit,class=CODE,delta=2
   101                           global start_initialization
   102  008A                     start_initialization:
   103                           
   104                           psect cinit,class=CODE,delta=2
   105                           global end_of_initialization
   106                           
   107                           ;End of C runtime variable initialization code
   108                           
   109  008A                     end_of_initialization:
   110  008A  0183               clrf status
   111  008B  118A  2847         ljmp _main	;jump to C main() function
   112                           psect	cstackCOMMON,class=COMMON,space=1
   113                           global __pcstackCOMMON
   114  0070                     __pcstackCOMMON:
   115                           	global	?_write_ee
   116  0070                     ?_write_ee:	; 0 bytes @ 0x0
   117                           	global	?_xandi_lima
   118  0070                     ?_xandi_lima:	; 0 bytes @ 0x0
   119                           	global	?_main
   120  0070                     ?_main:	; 0 bytes @ 0x0
   121                           	global	write_ee@dado
   122  0070                     write_ee@dado:	; 1 bytes @ 0x0
   123  0070                     	ds	1
   124                           	global	??_write_ee
   125  0071                     ??_write_ee:	; 0 bytes @ 0x1
   126                           	global	write_ee@adr
   127  0071                     write_ee@adr:	; 1 bytes @ 0x1
   128  0071                     	ds	1
   129                           	global	??_xandi_lima
   130  0072                     ??_xandi_lima:	; 0 bytes @ 0x2
   131  0072                     	ds	5
   132                           psect	cstackBANK0,class=BANK0,space=1
   133                           global __pcstackBANK0
   134  0020                     __pcstackBANK0:
   135                           	global	??_main
   136  0020                     ??_main:	; 0 bytes @ 0x0
   137  0020                     	ds	3
   138 ;;Data sizes: Strings 0, constant 0, data 0, bss 0, persistent 0 stack 0
   139 ;;Auto spaces:   Size  Autos    Used
   140 ;; COMMON          14      7       7
   141 ;; BANK0           80      3       3
   142 ;; BANK1           80      0       0
   143 ;; BANK2           80      0       0
   144                           
   145 ;;
   146 ;; Pointer list with targets:
   147                           
   148                           
   149                           
   150 ;;
   151 ;; Critical Paths under _main in COMMON
   152 ;;
   153 ;;   None.
   154 ;;
   155 ;; Critical Paths under _xandi_lima in COMMON
   156 ;;
   157 ;;   _xandi_lima->_write_ee
   158 ;;
   159 ;; Critical Paths under _main in BANK0
   160 ;;
   161 ;;   None.
   162 ;;
   163 ;; Critical Paths under _xandi_lima in BANK0
   164 ;;
   165 ;;   None.
   166 ;;
   167 ;; Critical Paths under _main in BANK1
   168 ;;
   169 ;;   None.
   170 ;;
   171 ;; Critical Paths under _xandi_lima in BANK1
   172 ;;
   173 ;;   None.
   174 ;;
   175 ;; Critical Paths under _main in BANK2
   176 ;;
   177 ;;   None.
   178 ;;
   179 ;; Critical Paths under _xandi_lima in BANK2
   180 ;;
   181 ;;   None.
   182                           
   183 ;;
   184 ;;Main: autosize = 0, tempsize = 3, incstack = 0, save=0
   185 ;;
   186                           
   187 ;;
   188 ;;Call Graph Tables:
   189 ;;
   190 ;; ---------------------------------------------------------------------------------
   191 ;; (Depth) Function   	        Calls       Base Space   Used Autos Params    Refs
   192 ;; ---------------------------------------------------------------------------------
   193 ;; (0) _main                                                 3     3      0       0
   194 ;;                                              0 BANK0      3     3      0
   195 ;; ---------------------------------------------------------------------------------
   196 ;; Estimated maximum stack depth 0
   197 ;; ---------------------------------------------------------------------------------
   198 ;; (Depth) Function   	        Calls       Base Space   Used Autos Params    Refs
   199 ;; ---------------------------------------------------------------------------------
   200 ;; (1) _xandi_lima                                           5     5      0      30
   201 ;;                                              2 COMMON     5     5      0
   202 ;;                           _write_ee
   203 ;; ---------------------------------------------------------------------------------
   204 ;; (2) _write_ee                                             2     1      1      30
   205 ;;                                              0 COMMON     2     1      1
   206 ;; ---------------------------------------------------------------------------------
   207 ;; Estimated maximum stack depth 2
   208 ;; ---------------------------------------------------------------------------------
   209                           
   210 ;; Call Graph Graphs:
   211                           
   212 ;; _main (ROOT)
   213 ;;
   214 ;; _xandi_lima (ROOT)
   215 ;;   _write_ee
   216 ;;
   217                           
   218 ;; Address spaces:
   219                           
   220 ;;Name               Size   Autos  Total    Cost      Usage
   221 ;;BITCOMMON            E      0       0       0        0.0%
   222 ;;EEDATA             100      0       0       0        0.0%
   223 ;;NULL                 0      0       0       0        0.0%
   224 ;;CODE                 0      0       0       0        0.0%
   225 ;;COMMON               E      7       7       1       50.0%
   226 ;;BITSFR0              0      0       0       1        0.0%
   227 ;;SFR0                 0      0       0       1        0.0%
   228 ;;BITSFR1              0      0       0       2        0.0%
   229 ;;SFR1                 0      0       0       2        0.0%
   230 ;;STACK                0      0       4       2        0.0%
   231 ;;BANK0               50      3       3       3        3.8%
   232 ;;BITBANK1            50      0       0       4        0.0%
   233 ;;BITSFR3              0      0       0       4        0.0%
   234 ;;SFR3                 0      0       0       4        0.0%
   235 ;;BANK1               50      0       0       5        0.0%
   236 ;;BITSFR2              0      0       0       5        0.0%
   237 ;;SFR2                 0      0       0       5        0.0%
   238 ;;BITBANK2            50      0       0       6        0.0%
   239 ;;BANK2               50      0       0       7        0.0%
   240 ;;ABS                  0      0       0       8        0.0%
   241 ;;BITBANK0            50      0       0       9        0.0%
   242 ;;DATA                 0      0       0      10        0.0%
   243                           
   244                           	global	_main
   245                           psect	maintext,global,class=CODE,delta=2
   246                           global __pmaintext
   247  0047                     __pmaintext:
   248                           
   249 ;; *************** function _main *****************
   250 ;; Defined at:
   251 ;;		line 38 in file "C:\Users\Alexandre\Documents\Colégio\micros\EEPROM\EEPROM.c"
   252 ;; Parameters:    Size  Location     Type
   253 ;;		None
   254 ;; Auto vars:     Size  Location     Type
   255 ;;		None
   256 ;; Return value:  Size  Location     Type
   257 ;;		None               void
   258 ;; Registers used:
   259 ;;		wreg, status,2
   260 ;; Tracked objects:
   261 ;;		On entry : 17F/0
   262 ;;		On exit  : 0/0
   263 ;;		Unchanged: 0/0
   264 ;; Data sizes:     COMMON   BANK0   BANK1   BANK2
   265 ;;      Params:         0       0       0       0
   266 ;;      Locals:         0       0       0       0
   267 ;;      Temps:          0       3       0       0
   268 ;;      Totals:         0       3       0       0
   269 ;;Total ram usage:        3 bytes
   270 ;; Hardware stack levels required when called:    2
   271 ;; This function calls:
   272 ;;		Nothing
   273 ;; This function is called by:
   274 ;;		Startup code after reset
   275 ;; This function uses a non-reentrant model
   276 ;;
   277                           psect	maintext
   278                           	file	"C:\Users\Alexandre\Documents\Colégio\micros\EEPROM\EEPROM.c"
   279                           	line	38
   280                           	global	__size_of_main
   281  002E                     	__size_of_main	equ	__end_of_main-_main
   282                           	
   283  0047                     _main:	
   284                           	opt	stack 6
   285                           ; Regs used in _main: [wreg+status,2]
   286                           	line	39
   287                           	
   288  0047                     l3024:	
   289                           ;EEPROM.c: 39: ANSEL=0;
   290  0047  1283               	bcf	status, 5	;RP0=0, select bank2
   291  0048  1703               	bsf	status, 6	;RP1=1, select bank2
   292  0049  019E               	clrf	(286)^0100h	;volatile
   293                           	line	40
   294                           ;EEPROM.c: 40: ANSELH=0;
   295  004A  019F               	clrf	(287)^0100h	;volatile
   296                           	line	41
   297                           ;EEPROM.c: 41: TRISA=0;
   298  004B  1683               	bsf	status, 5	;RP0=1, select bank1
   299  004C  1303               	bcf	status, 6	;RP1=0, select bank1
   300  004D  0185               	clrf	(133)^080h	;volatile
   301                           	line	42
   302                           	
   303  004E                     l3026:	
   304                           ;EEPROM.c: 42: TRISB=0xF0;
   305  004E  30F0               	movlw	(0F0h)
   306  004F  0086               	movwf	(134)^080h	;volatile
   307                           	line	43
   308                           	
   309  0050                     l3028:	
   310                           ;EEPROM.c: 43: TRISC=0;
   311  0050  0187               	clrf	(135)^080h	;volatile
   312                           	line	45
   313                           ;EEPROM.c: 45: EECON1=0b00000100;
   314  0051  3004               	movlw	(04h)
   315  0052  1683               	bsf	status, 5	;RP0=1, select bank3
   316  0053  1703               	bsf	status, 6	;RP1=1, select bank3
   317  0054  008C               	movwf	(396)^0180h	;volatile
   318                           	line	46
   319                           ;EEPROM.c: 46: INTCON=0b11010000;
   320  0055  30D0               	movlw	(0D0h)
   321  0056  008B               	movwf	(11)	;volatile
   322                           	line	47
   323                           	
   324  0057                     l3030:	
   325                           ;EEPROM.c: 47: OPTION_REG=0;
   326  0057  1683               	bsf	status, 5	;RP0=1, select bank1
   327  0058  1303               	bcf	status, 6	;RP1=0, select bank1
   328  0059  0181               	clrf	(129)^080h	;volatile
   329  005A  285B               	goto	l3032
   330                           	line	49
   331                           ;EEPROM.c: 49: while(1){
   332                           	
   333  005B                     l897:	
   334                           	line	51
   335                           	
   336  005B                     l3032:	
   337                           ;EEPROM.c: 51: if (!INTE){
   338  005B  1A0B               	btfsc	(92/8),(92)&7
   339  005C  285E               	goto	u2271
   340  005D  285F               	goto	u2270
   341  005E                     u2271:
   342  005E  285B               	goto	l3032
   343  005F                     u2270:
   344                           	line	52
   345                           	
   346  005F                     l3034:	
   347                           ;EEPROM.c: 52: _delay((unsigned long)((200)*(4000000/4000.0)));
   348                           	opt asmopt_off
   349  005F  3002               movlw  2
   350  0060  1283               	bcf	status, 5	;RP0=0, select bank0
   351  0061  1303               	bcf	status, 6	;RP1=0, select bank0
   352  0062  00A2               movwf	((??_main+0)+0+2),f
   353  0063  3004               movlw	4
   354  0064  00A1               movwf	((??_main+0)+0+1),f
   355  0065  30BA               	movlw	186
   356  0066  00A0               movwf	((??_main+0)+0),f
   357  0067                     u2287:
   358  0067  0BA0               	decfsz	((??_main+0)+0),f
   359  0068  2867               	goto	u2287
   360  0069  0BA1               	decfsz	((??_main+0)+0+1),f
   361  006A  2867               	goto	u2287
   362  006B  0BA2               	decfsz	((??_main+0)+0+2),f
   363  006C  2867               	goto	u2287
   364  006D  0064               	clrwdt
   365                           opt asmopt_on
   366                           
   367                           	line	53
   368                           	
   369  006E                     l3036:	
   370                           ;EEPROM.c: 53: INTF=0;
   371  006E  108B               	bcf	(89/8),(89)&7
   372                           	line	54
   373                           	
   374  006F                     l3038:	
   375                           ;EEPROM.c: 54: INTE=1;
   376  006F  160B               	bsf	(92/8),(92)&7
   377  0070  285B               	goto	l3032
   378                           	line	55
   379                           	
   380  0071                     l898:	
   381  0071  285B               	goto	l3032
   382                           	line	56
   383                           	
   384  0072                     l899:	
   385                           	line	49
   386  0072  285B               	goto	l3032
   387                           	
   388  0073                     l900:	
   389                           	line	63
   390                           	
   391  0073                     l901:	
   392                           	global	start
   393  0073  118A  2811         	ljmp	start
   394                           	opt stack 0
   395                           GLOBAL	__end_of_main
   396  0075                     	__end_of_main:
   397 ;; =============== function _main ends ============
   398                           
   399                           	signat	_main,88
   400                           	global	_xandi_lima
   401                           psect	text121,local,class=CODE,delta=2
   402                           global __ptext121
   403  0013                     __ptext121:
   404                           
   405 ;; *************** function _xandi_lima *****************
   406 ;; Defined at:
   407 ;;		line 22 in file "C:\Users\Alexandre\Documents\Colégio\micros\EEPROM\EEPROM.c"
   408 ;; Parameters:    Size  Location     Type
   409 ;;		None
   410 ;; Auto vars:     Size  Location     Type
   411 ;;		None
   412 ;; Return value:  Size  Location     Type
   413 ;;		None               void
   414 ;; Registers used:
   415 ;;		wreg, status,2, status,0, pclath, cstack
   416 ;; Tracked objects:
   417 ;;		On entry : 0/0
   418 ;;		On exit  : 0/0
   419 ;;		Unchanged: 0/0
   420 ;; Data sizes:     COMMON   BANK0   BANK1   BANK2
   421 ;;      Params:         0       0       0       0
   422 ;;      Locals:         0       0       0       0
   423 ;;      Temps:          5       0       0       0
   424 ;;      Totals:         5       0       0       0
   425 ;;Total ram usage:        5 bytes
   426 ;; Hardware stack levels used:    1
   427 ;; Hardware stack levels required when called:    1
   428 ;; This function calls:
   429 ;;		_write_ee
   430 ;; This function is called by:
   431 ;;		Interrupt level 1
   432 ;; This function uses a non-reentrant model
   433 ;;
   434                           psect	text121
   435                           	file	"C:\Users\Alexandre\Documents\Colégio\micros\EEPROM\EEPROM.c"
   436                           	line	22
   437                           	global	__size_of_xandi_lima
   438  0034                     	__size_of_xandi_lima	equ	__end_of_xandi_lima-_xandi_lima
   439                           	
   440  0013                     _xandi_lima:	
   441                           	opt	stack 6
   442                           ; Regs used in _xandi_lima: [wreg+status,2+status,0+pclath+cstack]
   443                           psect	intentry,class=CODE,delta=2
   444                           global __pintentry
   445  0004                     __pintentry:
   446                           global interrupt_function
   447  0004                     interrupt_function:
   448                           	global saved_w
   449  007E                     	saved_w	set	btemp+0
   450  0004  00FE               	movwf	saved_w
   451  0005  0E03               	swapf	status,w
   452  0006  00F3               	movwf	(??_xandi_lima+1)
   453  0007  0804               	movf	fsr0,w
   454  0008  00F4               	movwf	(??_xandi_lima+2)
   455  0009  080A               	movf	pclath,w
   456  000A  00F5               	movwf	(??_xandi_lima+3)
   457  000B  1283               	bcf	status, 5	;RP0=0, select bank0
   458  000C  1303               	bcf	status, 6	;RP1=0, select bank0
   459  000D  087F               	movf	btemp+1,w
   460  000E  00F6               	movwf	(??_xandi_lima+4)
   461  000F  118A  2813         	ljmp	_xandi_lima
   462                           psect	text121
   463                           	line	24
   464                           	
   465  0013                     i1l2136:	
   466                           ;EEPROM.c: 24: if(EEIF && EEIE){
   467  0013  1E0D               	btfss	(108/8),(108)&7
   468  0014  2816               	goto	u1_21
   469  0015  2817               	goto	u1_20
   470  0016                     u1_21:
   471  0016  2826               	goto	i1l892
   472  0017                     u1_20:
   473                           	
   474  0017                     i1l2138:	
   475  0017  1683               	bsf	status, 5	;RP0=1, select bank1
   476  0018  1303               	bcf	status, 6	;RP1=0, select bank1
   477  0019  1E0D               	btfss	(1132/8)^080h,(1132)&7
   478  001A  281C               	goto	u2_21
   479  001B  281D               	goto	u2_20
   480  001C                     u2_21:
   481  001C  2826               	goto	i1l892
   482  001D                     u2_20:
   483                           	line	25
   484                           	
   485  001D                     i1l2140:	
   486                           ;EEPROM.c: 25: EEIF=0;
   487  001D  1283               	bcf	status, 5	;RP0=0, select bank0
   488  001E  1303               	bcf	status, 6	;RP1=0, select bank0
   489  001F  120D               	bcf	(108/8),(108)&7
   490                           	line	26
   491                           ;EEPROM.c: 26: WREN=0;
   492  0020  1683               	bsf	status, 5	;RP0=1, select bank3
   493  0021  1703               	bsf	status, 6	;RP1=1, select bank3
   494  0022  110C               	bcf	(3170/8)^0180h,(3170)&7
   495                           	line	27
   496                           ;EEPROM.c: 27: EEIE=0;
   497  0023  1683               	bsf	status, 5	;RP0=1, select bank1
   498  0024  1303               	bcf	status, 6	;RP1=0, select bank1
   499  0025  120D               	bcf	(1132/8)^080h,(1132)&7
   500                           	line	28
   501                           	
   502  0026                     i1l892:	
   503                           	line	30
   504                           ;EEPROM.c: 28: }
   505                           ;EEPROM.c: 30: if (INTF && INTE){
   506  0026  1C8B               	btfss	(89/8),(89)&7
   507  0027  2829               	goto	u3_21
   508  0028  282A               	goto	u3_20
   509  0029                     u3_21:
   510  0029  283A               	goto	i1l894
   511  002A                     u3_20:
   512                           	
   513  002A                     i1l2142:	
   514  002A  1E0B               	btfss	(92/8),(92)&7
   515  002B  282D               	goto	u4_21
   516  002C  282E               	goto	u4_20
   517  002D                     u4_21:
   518  002D  283A               	goto	i1l894
   519  002E                     u4_20:
   520                           	line	31
   521                           	
   522  002E                     i1l2144:	
   523                           ;EEPROM.c: 31: write_ee(0x01,PORTB);
   524  002E  1283               	bcf	status, 5	;RP0=0, select bank0
   525  002F  0806               	movf	(6),w	;volatile
   526  0030  00F2               	movwf	(??_xandi_lima+0)+0
   527  0031  0872               	movf	(??_xandi_lima+0)+0,w
   528  0032  00F0               	movwf	(?_write_ee)
   529  0033  3001               	movlw	(01h)
   530  0034  118A  2075  118A   	fcall	_write_ee
   531                           	line	32
   532                           	
   533  0037                     i1l2146:	
   534                           ;EEPROM.c: 32: INTF=0;
   535  0037  108B               	bcf	(89/8),(89)&7
   536                           	line	33
   537                           	
   538  0038                     i1l2148:	
   539                           ;EEPROM.c: 33: INTE=0;
   540  0038  120B               	bcf	(92/8),(92)&7
   541  0039  283A               	goto	i1l894
   542                           	line	34
   543                           	
   544  003A                     i1l893:	
   545                           	line	36
   546                           	
   547  003A                     i1l894:	
   548  003A  0876               	movf	(??_xandi_lima+4),w
   549  003B  1283               	bcf	status, 5	;RP0=0, select bank0
   550  003C  1303               	bcf	status, 6	;RP1=0, select bank0
   551  003D  00FF               	movwf	btemp+1
   552  003E  0875               	movf	(??_xandi_lima+3),w
   553  003F  008A               	movwf	pclath
   554  0040  0874               	movf	(??_xandi_lima+2),w
   555  0041  0084               	movwf	fsr0
   556  0042  0E73               	swapf	(??_xandi_lima+1)^0FFFFFF80h,w
   557  0043  0083               	movwf	status
   558  0044  0EFE               	swapf	saved_w,f
   559  0045  0E7E               	swapf	saved_w,w
   560  0046  0009               	retfie
   561                           	opt stack 0
   562                           GLOBAL	__end_of_xandi_lima
   563  0047                     	__end_of_xandi_lima:
   564 ;; =============== function _xandi_lima ends ============
   565                           
   566                           	signat	_xandi_lima,88
   567                           	global	_write_ee
   568                           psect	text122,local,class=CODE,delta=2
   569                           global __ptext122
   570  0075                     __ptext122:
   571                           
   572 ;; *************** function _write_ee *****************
   573 ;; Defined at:
   574 ;;		line 10 in file "C:\Users\Alexandre\Documents\Colégio\micros\EEPROM\EEPROM.c"
   575 ;; Parameters:    Size  Location     Type
   576 ;;  adr             1    wreg     unsigned char 
   577 ;;  dado            1    0[COMMON] unsigned char 
   578 ;; Auto vars:     Size  Location     Type
   579 ;;  adr             1    1[COMMON] unsigned char 
   580 ;; Return value:  Size  Location     Type
   581 ;;		None               void
   582 ;; Registers used:
   583 ;;		wreg
   584 ;; Tracked objects:
   585 ;;		On entry : 0/0
   586 ;;		On exit  : 0/0
   587 ;;		Unchanged: 0/0
   588 ;; Data sizes:     COMMON   BANK0   BANK1   BANK2
   589 ;;      Params:         1       0       0       0
   590 ;;      Locals:         1       0       0       0
   591 ;;      Temps:          0       0       0       0
   592 ;;      Totals:         2       0       0       0
   593 ;;Total ram usage:        2 bytes
   594 ;; Hardware stack levels used:    1
   595 ;; This function calls:
   596 ;;		Nothing
   597 ;; This function is called by:
   598 ;;		_xandi_lima
   599 ;; This function uses a non-reentrant model
   600 ;;
   601                           psect	text122
   602                           	file	"C:\Users\Alexandre\Documents\Colégio\micros\EEPROM\EEPROM.c"
   603                           	line	10
   604                           	global	__size_of_write_ee
   605  0015                     	__size_of_write_ee	equ	__end_of_write_ee-_write_ee
   606                           	
   607  0075                     _write_ee:	
   608                           	opt	stack 6
   609                           ; Regs used in _write_ee: [wreg]
   610                           ;write_ee@adr stored from wreg
   611  0075  00F1               	movwf	(write_ee@adr)
   612                           	line	11
   613                           	
   614  0076                     i1l2124:	
   615                           ;EEPROM.c: 11: GIE=0;
   616  0076  138B               	bcf	(95/8),(95)&7
   617                           	line	12
   618                           	
   619  0077                     i1l2126:	
   620                           ;EEPROM.c: 12: EEDAT=dado;
   621  0077  0870               	movf	(write_ee@dado),w
   622  0078  1283               	bcf	status, 5	;RP0=0, select bank2
   623  0079  1703               	bsf	status, 6	;RP1=1, select bank2
   624  007A  008C               	movwf	(268)^0100h	;volatile
   625                           	line	13
   626                           ;EEPROM.c: 13: EEADR=adr;
   627  007B  0871               	movf	(write_ee@adr),w
   628  007C  008D               	movwf	(269)^0100h	;volatile
   629                           	line	14
   630                           ;EEPROM.c: 14: EECON2=0x55;
   631  007D  3055               	movlw	(055h)
   632  007E  1683               	bsf	status, 5	;RP0=1, select bank3
   633  007F  1703               	bsf	status, 6	;RP1=1, select bank3
   634  0080  008D               	movwf	(397)^0180h	;volatile
   635                           	line	15
   636                           ;EEPROM.c: 15: EECON2=0xAA;
   637  0081  30AA               	movlw	(0AAh)
   638  0082  008D               	movwf	(397)^0180h	;volatile
   639                           	line	16
   640                           	
   641  0083                     i1l2128:	
   642                           ;EEPROM.c: 16: WR=1;
   643  0083  148C               	bsf	(3169/8)^0180h,(3169)&7
   644                           	line	17
   645                           	
   646  0084                     i1l2130:	
   647                           ;EEPROM.c: 17: GIE=1;
   648  0084  178B               	bsf	(95/8),(95)&7
   649                           	line	18
   650                           	
   651  0085                     i1l2132:	
   652                           ;EEPROM.c: 18: EEIE=1;
   653  0085  1683               	bsf	status, 5	;RP0=1, select bank1
   654  0086  1303               	bcf	status, 6	;RP1=0, select bank1
   655  0087  160D               	bsf	(1132/8)^080h,(1132)&7
   656  0088  2889               	goto	i1l889
   657                           	line	19
   658                           	
   659  0089                     i1l2134:	
   660                           	line	20
   661                           ;EEPROM.c: 19: return;
   662                           	
   663  0089                     i1l889:	
   664  0089  0008               	return
   665                           	opt stack 0
   666                           GLOBAL	__end_of_write_ee
   667  008A                     	__end_of_write_ee:
   668 ;; =============== function _write_ee ends ============
   669                           
   670                           	signat	_write_ee,8312
   671                           psect	text123,local,class=CODE,delta=2
   672                           global __ptext123
   673  0000                     __ptext123:
   674                           	global	btemp
   675  007E                     	btemp set 07Eh
   676                           
   677                           	DABS	1,126,2	;btemp
   678                           	global	wtemp0
   679  007E                     	wtemp0 set btemp


HI-TECH Software PICC Macro Assembler V9.83 build 10920 
Symbol Table                                                                                   Mon Sep 09 23:22:22 2013

                  _RD 0C60                    _WR 0C61                   l900 0073                   l901 0073  
                 l897 005B                   l898 0071                   l899 0072                   _GIE 005F  
                 fsr0 0004                  l3030 0057                  l3032 005B                  l3024 0047  
                l3034 005F                  l3026 004E                  l3036 006E                  l3028 0050  
                l3038 006F                  _EEIE 046C                  _EEIF 006C                  u2270 005F  
                u2271 005E                  u2287 0067                  _INTE 005C                  _INTF 0059  
                _WREN 0C62                  u1_20 0017                  u1_21 0016                  u2_20 001D  
                u2_21 001C                  u3_20 002A                  u3_21 0029                  u4_20 002E  
                u4_21 002D                  _main 0047                  btemp 007E                  start 0011  
               ?_main 0070                 _EEADR 010D                 _EEDAT 010C                 _CARRY 0018  
               _ANSEL 011E                 i1l892 0026                 i1l893 003A                 i1l894 003A  
               i1l889 0089                 _PORTB 0006                 _TRISA 0085                 _TRISB 0086  
               _TRISC 0087                 pclath 000A                 status 0003                 wtemp0 007E  
        __end_of_main 0075                ??_main 0020                _EEDATA 010C                _EECON1 018C  
              _EECON2 018D                _ANSELH 011F                i1l2130 0084                i1l2132 0085  
              i1l2124 0076                i1l2140 001D                i1l2134 0089                i1l2126 0077  
              i1l2142 002A                i1l2128 0083                i1l2144 002E                i1l2136 0013  
              i1l2146 0037                i1l2138 0017                i1l2148 0038                _INTCON 000B  
              saved_w 007E      __end_of_write_ee 008A        __pcstackCOMMON 0070            __pmaintext 0047  
          __pintentry 0004             ?_write_ee 0070  end_of_initialization 008A            _xandi_lima 0013  
          ??_write_ee 0071          write_ee@dado 0070   start_initialization 008A           ?_xandi_lima 0070  
       __pcstackBANK0 0020             __ptext120 0000             __ptext121 0013             __ptext122 0075  
           __ptext123 0000     __size_of_write_ee 0015     interrupt_function 0004   __size_of_xandi_lima 0034  
         write_ee@adr 0071         __size_of_main 002E          ??_xandi_lima 0072              _write_ee 0075  
            intlevel1 0000    __end_of_xandi_lima 0047            _OPTION_REG 0081  
