

HI-TECH Software PIC LITE Macro Assembler V9.83 build 10920 
                                                                                               Sun Dec 08 15:20:40 2013

HI-TECH Software Omniscient Code Generator (Lite mode) build 10920
     1  0000                     opt subtitle "HI-TECH Software Omniscient Code Generator (Lite mode) build 10920"
     2                           
     3                           opt pagewidth 120
     4                           
     5                           	opt lm
     6                           
     7                           	processor	16F886
     8                           clrc	macro
     9                           	bcf	3,0
    10  0000                     	endm
    11                           clrz	macro
    12                           	bcf	3,2
    13  0000                     	endm
    14                           setc	macro
    15                           	bsf	3,0
    16  0000                     	endm
    17                           setz	macro
    18                           	bsf	3,2
    19  0000                     	endm
    20                           skipc	macro
    21                           	btfss	3,0
    22  0000                     	endm
    23                           skipz	macro
    24                           	btfss	3,2
    25  0000                     	endm
    26                           skipnc	macro
    27                           	btfsc	3,0
    28  0000                     	endm
    29                           skipnz	macro
    30                           	btfsc	3,2
    31  0000                     	endm
    32  0000                     indf	equ	0
    33  0000                     indf0	equ	0
    34  0002                     pc	equ	2
    35  0002                     pcl	equ	2
    36  0003                     status	equ	3
    37  0004                     fsr	equ	4
    38  0004                     fsr0	equ	4
    39  0001                     c	equ	1
    40  0000                     z	equ	0
    41  000A                     pclath	equ	10
    42                           # 7 "I2C.c"
    43                           	psect config,class=CONFIG,delta=2 ;#
    44                           # 7 "I2C.c"
    45  2007  F0C4               	dw 0xFFFC & 0xFFF7 & 0xFFEF & 0xFFDF & 0xFFFF & 0xFFFF & 0xFCFF & 0xFBFF & 0xF7FF ;#
    46                           	FNCALL	_main,_I2C_Init
    47                           	FNROOT	_main
    48                           	FNCALL	intlevel1,_xandi_lima
    49                           	global	intlevel1
    50                           	FNROOT	intlevel1
    51                           	global	_boi
    52                           	global	_ei
    53                           	global	_oi
    54                           	global	_INTCON
    55                           psect	text172,local,class=CODE,delta=2
    56                           global __ptext172
    57  0000                     __ptext172:
    58  000B                     _INTCON	set	11
    59                           	global	_PORTA
    60  0005                     _PORTA	set	5
    61                           	global	_SSPBUF
    62  0013                     _SSPBUF	set	19
    63                           	global	_SSPCON
    64  0014                     _SSPCON	set	20
    65                           	global	_CARRY
    66  0018                     _CARRY	set	24
    67                           	global	_GIE
    68  005F                     _GIE	set	95
    69                           	global	_INTE
    70  005C                     _INTE	set	92
    71                           	global	_INTF
    72  0059                     _INTF	set	89
    73                           	global	_RA0
    74  0028                     _RA0	set	40
    75                           	global	_RB1
    76  0031                     _RB1	set	49
    77                           	global	_SSPIF
    78  0063                     _SSPIF	set	99
    79                           	global	_OPTION_REG
    80  0081                     _OPTION_REG	set	129
    81                           	global	_OSCCON
    82  008F                     _OSCCON	set	143
    83                           	global	_SSPCON2
    84  0091                     _SSPCON2	set	145
    85                           	global	_SSPSTAT
    86  0094                     _SSPSTAT	set	148
    87                           	global	_TRISA
    88  0085                     _TRISA	set	133
    89                           	global	_TRISB
    90  0086                     _TRISB	set	134
    91                           	global	_TRISC
    92  0087                     _TRISC	set	135
    93                           	global	_SSPIE
    94  0463                     _SSPIE	set	1123
    95                           	global	_TRISC4
    96  043C                     _TRISC4	set	1084
    97                           	global	_EEADR
    98  010D                     _EEADR	set	269
    99                           	global	_EEDATA
   100  010C                     _EEDATA	set	268
   101                           	global	_ANSEL
   102  0188                     _ANSEL	set	392
   103                           	global	_ANSELH
   104  0189                     _ANSELH	set	393
   105                           	global	_EECON1
   106  018C                     _EECON1	set	396
   107                           	global	_EECON2
   108  018D                     _EECON2	set	397
   109                           	global	_RD
   110  0C60                     _RD	set	3168
   111                           	global	_WR
   112  0C61                     _WR	set	3169
   113                           	global	_WREN
   114  0C62                     _WREN	set	3170
   115                           	file	"C:\Users\ALEXAN~1\AppData\Local\Temp\s6rg."
   116                           	line	#
   117                           psect cinit,class=CODE,delta=2
   118                           global start_initialization
   119  00D6                     start_initialization:
   120                           
   121                           psect	bitbssCOMMON,class=COMMON,bit,space=1
   122                           global __pbitbssCOMMON
   123  03B0                     __pbitbssCOMMON:
   124  03B0                     _ei:
   125  03B0                            ds      1
   126                           
   127  03B1                     _oi:
   128  03B1                            ds      1
   129                           
   130                           psect	bssCOMMON,class=COMMON,space=1
   131                           global __pbssCOMMON
   132  0077                     __pbssCOMMON:
   133  0077                     _boi:
   134  0077                            ds      2
   135                           
   136                           ; Clear objects allocated to BITCOMMON
   137                           psect cinit,class=CODE,delta=2
   138  00D6  01F6               	clrf	((__pbitbssCOMMON/8)+0)&07Fh
   139                           ; Clear objects allocated to COMMON
   140                           psect cinit,class=CODE,delta=2
   141  00D7  01F7               	clrf	((__pbssCOMMON)+0)&07Fh
   142  00D8  01F8               	clrf	((__pbssCOMMON)+1)&07Fh
   143                           psect cinit,class=CODE,delta=2
   144                           global end_of_initialization
   145                           
   146                           ;End of C runtime variable initialization code
   147                           
   148  00D9                     end_of_initialization:
   149  00D9  0183               clrf status
   150  00DA  120A  118A  2815   ljmp _main	;jump to C main() function
   151                           psect	cstackCOMMON,class=COMMON,space=1
   152                           global __pcstackCOMMON
   153  0070                     __pcstackCOMMON:
   154                           	global	?_I2C_Init
   155  0070                     ?_I2C_Init:	; 0 bytes @ 0x0
   156                           	global	?_xandi_lima
   157  0070                     ?_xandi_lima:	; 0 bytes @ 0x0
   158                           	global	??_xandi_lima
   159  0070                     ??_xandi_lima:	; 0 bytes @ 0x0
   160                           	global	?_main
   161  0070                     ?_main:	; 0 bytes @ 0x0
   162  0070                     	ds	6
   163                           psect	cstackBANK0,class=BANK0,space=1
   164                           global __pcstackBANK0
   165  0020                     __pcstackBANK0:
   166                           	global	??_I2C_Init
   167  0020                     ??_I2C_Init:	; 0 bytes @ 0x0
   168                           	global	??_main
   169  0020                     ??_main:	; 0 bytes @ 0x0
   170  0020                     	ds	3
   171 ;;Data sizes: Strings 0, constant 0, data 0, bss 2, persistent 0 stack 0
   172 ;;Auto spaces:   Size  Autos    Used
   173 ;; COMMON          14      6       9
   174 ;; BANK0           80      3       3
   175 ;; BANK1           80      0       0
   176 ;; BANK3           96      0       0
   177 ;; BANK2           96      0       0
   178                           
   179 ;;
   180 ;; Pointer list with targets:
   181                           
   182                           
   183                           
   184 ;;
   185 ;; Critical Paths under _main in COMMON
   186 ;;
   187 ;;   None.
   188 ;;
   189 ;; Critical Paths under _xandi_lima in COMMON
   190 ;;
   191 ;;   None.
   192 ;;
   193 ;; Critical Paths under _main in BANK0
   194 ;;
   195 ;;   None.
   196 ;;
   197 ;; Critical Paths under _xandi_lima in BANK0
   198 ;;
   199 ;;   None.
   200 ;;
   201 ;; Critical Paths under _main in BANK1
   202 ;;
   203 ;;   None.
   204 ;;
   205 ;; Critical Paths under _xandi_lima in BANK1
   206 ;;
   207 ;;   None.
   208 ;;
   209 ;; Critical Paths under _main in BANK3
   210 ;;
   211 ;;   None.
   212 ;;
   213 ;; Critical Paths under _xandi_lima in BANK3
   214 ;;
   215 ;;   None.
   216 ;;
   217 ;; Critical Paths under _main in BANK2
   218 ;;
   219 ;;   None.
   220 ;;
   221 ;; Critical Paths under _xandi_lima in BANK2
   222 ;;
   223 ;;   None.
   224                           
   225 ;;
   226 ;;Main: autosize = 0, tempsize = 3, incstack = 0, save=0
   227 ;;
   228                           
   229 ;;
   230 ;;Call Graph Tables:
   231 ;;
   232 ;; ---------------------------------------------------------------------------------
   233 ;; (Depth) Function   	        Calls       Base Space   Used Autos Params    Refs
   234 ;; ---------------------------------------------------------------------------------
   235 ;; (0) _main                                                 3     3      0       0
   236 ;;                                              0 BANK0      3     3      0
   237 ;;                           _I2C_Init
   238 ;; ---------------------------------------------------------------------------------
   239 ;; (1) _I2C_Init                                             0     0      0       0
   240 ;; ---------------------------------------------------------------------------------
   241 ;; Estimated maximum stack depth 1
   242 ;; ---------------------------------------------------------------------------------
   243 ;; (Depth) Function   	        Calls       Base Space   Used Autos Params    Refs
   244 ;; ---------------------------------------------------------------------------------
   245 ;; (2) _xandi_lima                                           6     6      0       0
   246 ;;                                              0 COMMON     6     6      0
   247 ;; ---------------------------------------------------------------------------------
   248 ;; Estimated maximum stack depth 2
   249 ;; ---------------------------------------------------------------------------------
   250                           
   251 ;; Call Graph Graphs:
   252                           
   253 ;; _main (ROOT)
   254 ;;   _I2C_Init
   255 ;;
   256 ;; _xandi_lima (ROOT)
   257 ;;
   258                           
   259 ;; Address spaces:
   260                           
   261 ;;Name               Size   Autos  Total    Cost      Usage
   262 ;;BITCOMMON            E      0       1       0        7.1%
   263 ;;EEDATA             100      0       0       0        0.0%
   264 ;;NULL                 0      0       0       0        0.0%
   265 ;;CODE                 0      0       0       0        0.0%
   266 ;;COMMON               E      6       9       1       64.3%
   267 ;;BITSFR0              0      0       0       1        0.0%
   268 ;;SFR0                 0      0       0       1        0.0%
   269 ;;BITSFR1              0      0       0       2        0.0%
   270 ;;SFR1                 0      0       0       2        0.0%
   271 ;;STACK                0      0       1       2        0.0%
   272 ;;ABS                  0      0       C       3        0.0%
   273 ;;BITBANK0            50      0       0       4        0.0%
   274 ;;BITSFR3              0      0       0       4        0.0%
   275 ;;SFR3                 0      0       0       4        0.0%
   276 ;;BANK0               50      3       3       5        3.8%
   277 ;;BITSFR2              0      0       0       5        0.0%
   278 ;;SFR2                 0      0       0       5        0.0%
   279 ;;BITBANK1            50      0       0       6        0.0%
   280 ;;BANK1               50      0       0       7        0.0%
   281 ;;BITBANK3            60      0       0       8        0.0%
   282 ;;BANK3               60      0       0       9        0.0%
   283 ;;BITBANK2            60      0       0      10        0.0%
   284 ;;BANK2               60      0       0      11        0.0%
   285 ;;DATA                 0      0       D      12        0.0%
   286                           
   287                           	global	_main
   288                           psect	maintext,global,class=CODE,delta=2
   289                           global __pmaintext
   290  0015                     __pmaintext:
   291                           
   292 ;; *************** function _main *****************
   293 ;; Defined at:
   294 ;;		line 44 in file "I2C.c"
   295 ;; Parameters:    Size  Location     Type
   296 ;;		None
   297 ;; Auto vars:     Size  Location     Type
   298 ;;		None
   299 ;; Return value:  Size  Location     Type
   300 ;;		None               void
   301 ;; Registers used:
   302 ;;		wreg, status,2, status,0, pclath, cstack
   303 ;; Tracked objects:
   304 ;;		On entry : 17F/0
   305 ;;		On exit  : 0/0
   306 ;;		Unchanged: 0/0
   307 ;; Data sizes:     COMMON   BANK0   BANK1   BANK3   BANK2
   308 ;;      Params:         0       0       0       0       0
   309 ;;      Locals:         0       0       0       0       0
   310 ;;      Temps:          0       3       0       0       0
   311 ;;      Totals:         0       3       0       0       0
   312 ;;Total ram usage:        3 bytes
   313 ;; Hardware stack levels required when called:    2
   314 ;; This function calls:
   315 ;;		_I2C_Init
   316 ;; This function is called by:
   317 ;;		Startup code after reset
   318 ;; This function uses a non-reentrant model
   319 ;;
   320                           psect	maintext
   321                           	file	"I2C.c"
   322                           	line	44
   323                           	global	__size_of_main
   324  0086                     	__size_of_main	equ	__end_of_main-_main
   325                           	
   326  0015                     _main:	
   327                           	opt	stack 6
   328                           ; Regs used in _main: [wreg+status,2+status,0+pclath+cstack]
   329                           	line	45
   330                           	
   331  0015                     l3279:	
   332                           ;I2C.c: 45: OSCCON=0b01110000;
   333  0015  3070               	movlw	(070h)
   334  0016  1683               	bsf	status, 5	;RP0=1, select bank1
   335  0017  1303               	bcf	status, 6	;RP1=0, select bank1
   336  0018  008F               	movwf	(143)^080h	;volatile
   337                           	line	46
   338                           	
   339  0019                     l3281:	
   340                           ;I2C.c: 46: ANSEL=0;
   341  0019  1683               	bsf	status, 5	;RP0=1, select bank3
   342  001A  1703               	bsf	status, 6	;RP1=1, select bank3
   343  001B  0188               	clrf	(392)^0180h	;volatile
   344                           	line	47
   345                           	
   346  001C                     l3283:	
   347                           ;I2C.c: 47: ANSELH=0;
   348  001C  0189               	clrf	(393)^0180h	;volatile
   349                           	line	48
   350                           	
   351  001D                     l3285:	
   352                           ;I2C.c: 48: TRISA=0;
   353  001D  1683               	bsf	status, 5	;RP0=1, select bank1
   354  001E  1303               	bcf	status, 6	;RP1=0, select bank1
   355  001F  0185               	clrf	(133)^080h	;volatile
   356                           	line	49
   357                           	
   358  0020                     l3287:	
   359                           ;I2C.c: 49: TRISB=0b00000001;
   360  0020  3001               	movlw	(01h)
   361  0021  0086               	movwf	(134)^080h	;volatile
   362                           	line	50
   363                           ;I2C.c: 50: TRISC=0;
   364  0022  0187               	clrf	(135)^080h	;volatile
   365                           	line	51
   366                           	
   367  0023                     l3289:	
   368                           ;I2C.c: 51: TRISC4=1;
   369  0023  1607               	bsf	(1084/8)^080h,(1084)&7
   370                           	line	52
   371                           	
   372  0024                     l3291:	
   373                           ;I2C.c: 52: INTCON=0b11011000;
   374  0024  30D8               	movlw	(0D8h)
   375  0025  008B               	movwf	(11)	;volatile
   376                           	line	53
   377                           	
   378  0026                     l3293:	
   379                           ;I2C.c: 53: OPTION_REG=0;
   380  0026  0181               	clrf	(129)^080h	;volatile
   381                           	line	54
   382                           	
   383  0027                     l3295:	
   384                           ;I2C.c: 54: oi=0;
   385  0027  10F6               	bcf	(_oi/8),(_oi)&7
   386                           	line	55
   387                           	
   388  0028                     l3297:	
   389                           ;I2C.c: 55: ei=0;
   390  0028  1076               	bcf	(_ei/8),(_ei)&7
   391                           	line	56
   392                           	
   393  0029                     l3299:	
   394                           ;I2C.c: 56: I2C_Init();
   395  0029  120A  118A  20CA   	fcall	_I2C_Init
              120A  118A         
   396                           	line	57
   397                           	
   398  002E                     l3301:	
   399                           ;I2C.c: 57: RB1=0;
   400  002E  1283               	bcf	status, 5	;RP0=0, select bank0
   401  002F  1303               	bcf	status, 6	;RP1=0, select bank0
   402  0030  1086               	bcf	(49/8),(49)&7
   403                           	line	58
   404                           	
   405  0031                     l3303:	
   406                           ;I2C.c: 58: PORTA=0;
   407  0031  0185               	clrf	(5)	;volatile
   408                           	line	59
   409                           	
   410  0032                     l3305:	
   411                           ;I2C.c: 59: RB1=1;
   412  0032  1486               	bsf	(49/8),(49)&7
   413  0033  2834               	goto	l3307
   414                           	line	60
   415                           ;I2C.c: 60: while(1){
   416                           	
   417  0034                     l983:	
   418                           	line	61
   419                           	
   420  0034                     l3307:	
   421                           ;I2C.c: 61: if(oi){
   422  0034  1CF6               	btfss	(_oi/8),(_oi)&7
   423  0035  2837               	goto	u2381
   424  0036  2838               	goto	u2380
   425  0037                     u2381:
   426  0037  2883               	goto	l3321
   427  0038                     u2380:
   428  0038  2878               	goto	l985
   429                           	line	62
   430                           	
   431  0039                     l3309:	
   432                           ;I2C.c: 62: while(boi<0xFF){
   433  0039  2878               	goto	l985
   434                           	
   435  003A                     l986:	
   436                           	line	63
   437                           ;I2C.c: 63: oi=0;
   438  003A  10F6               	bcf	(_oi/8),(_oi)&7
   439                           	line	64
   440                           ;I2C.c: 64: RB1=0;
   441  003B  1283               	bcf	status, 5	;RP0=0, select bank0
   442  003C  1303               	bcf	status, 6	;RP1=0, select bank0
   443  003D  1086               	bcf	(49/8),(49)&7
   444                           	line	65
   445                           	
   446  003E                     l3311:	
   447                           ;I2C.c: 65: SSPBUF=0b00000110;
   448  003E  3006               	movlw	(06h)
   449  003F  0093               	movwf	(19)	;volatile
   450                           	line	66
   451                           ;I2C.c: 66: while(!ei);
   452  0040  2841               	goto	l987
   453                           	
   454  0041                     l988:	
   455                           	
   456  0041                     l987:	
   457  0041  1C76               	btfss	(_ei/8),(_ei)&7
   458  0042  2844               	goto	u2391
   459  0043  2845               	goto	u2390
   460  0044                     u2391:
   461  0044  2841               	goto	l987
   462  0045                     u2390:
   463                           	
   464  0045                     l989:	
   465                           	line	67
   466                           ;I2C.c: 67: ei=0;
   467  0045  1076               	bcf	(_ei/8),(_ei)&7
   468                           	line	68
   469                           ;I2C.c: 68: RB1=1;
   470  0046  1283               	bcf	status, 5	;RP0=0, select bank0
   471  0047  1303               	bcf	status, 6	;RP1=0, select bank0
   472  0048  1486               	bsf	(49/8),(49)&7
   473                           	line	69
   474                           ;I2C.c: 69: RB1=0;
   475  0049  1086               	bcf	(49/8),(49)&7
   476                           	line	70
   477                           	
   478  004A                     l3313:	
   479                           ;I2C.c: 70: SSPBUF=0b00000010;
   480  004A  3002               	movlw	(02h)
   481  004B  0093               	movwf	(19)	;volatile
   482                           	line	71
   483                           ;I2C.c: 71: while(!ei);
   484  004C  284D               	goto	l990
   485                           	
   486  004D                     l991:	
   487                           	
   488  004D                     l990:	
   489  004D  1C76               	btfss	(_ei/8),(_ei)&7
   490  004E  2850               	goto	u2401
   491  004F  2851               	goto	u2400
   492  0050                     u2401:
   493  0050  284D               	goto	l990
   494  0051                     u2400:
   495                           	
   496  0051                     l992:	
   497                           	line	72
   498                           ;I2C.c: 72: ei=0;
   499  0051  1076               	bcf	(_ei/8),(_ei)&7
   500                           	line	73
   501                           	
   502  0052                     l3315:	
   503                           ;I2C.c: 73: SSPBUF=boi;
   504  0052  0877               	movf	(_boi),w
   505  0053  1283               	bcf	status, 5	;RP0=0, select bank0
   506  0054  1303               	bcf	status, 6	;RP1=0, select bank0
   507  0055  0093               	movwf	(19)	;volatile
   508                           	line	74
   509                           ;I2C.c: 74: while(!ei);
   510  0056  2857               	goto	l993
   511                           	
   512  0057                     l994:	
   513                           	
   514  0057                     l993:	
   515  0057  1C76               	btfss	(_ei/8),(_ei)&7
   516  0058  285A               	goto	u2411
   517  0059  285B               	goto	u2410
   518  005A                     u2411:
   519  005A  2857               	goto	l993
   520  005B                     u2410:
   521                           	
   522  005B                     l995:	
   523                           	line	75
   524                           ;I2C.c: 75: ei=0;
   525  005B  1076               	bcf	(_ei/8),(_ei)&7
   526                           	line	76
   527                           	
   528  005C                     l3317:	
   529                           ;I2C.c: 76: SSPBUF=boi;
   530  005C  0877               	movf	(_boi),w
   531  005D  1283               	bcf	status, 5	;RP0=0, select bank0
   532  005E  1303               	bcf	status, 6	;RP1=0, select bank0
   533  005F  0093               	movwf	(19)	;volatile
   534                           	line	77
   535                           ;I2C.c: 77: while(!ei);
   536  0060  2861               	goto	l996
   537                           	
   538  0061                     l997:	
   539                           	
   540  0061                     l996:	
   541  0061  1C76               	btfss	(_ei/8),(_ei)&7
   542  0062  2864               	goto	u2421
   543  0063  2865               	goto	u2420
   544  0064                     u2421:
   545  0064  2861               	goto	l996
   546  0065                     u2420:
   547                           	
   548  0065                     l998:	
   549                           	line	78
   550                           ;I2C.c: 78: ei=0;
   551  0065  1076               	bcf	(_ei/8),(_ei)&7
   552                           	line	79
   553                           ;I2C.c: 79: RB1=1;
   554  0066  1283               	bcf	status, 5	;RP0=0, select bank0
   555  0067  1303               	bcf	status, 6	;RP1=0, select bank0
   556  0068  1486               	bsf	(49/8),(49)&7
   557                           	line	80
   558                           	
   559  0069                     l3319:	
   560                           ;I2C.c: 80: _delay((unsigned long)((10)*(8000000/4000.0)));
   561                           	opt asmopt_off
   562  0069  301A               movlw	26
   563  006A  00A1               movwf	((??_main+0)+0+1),f
   564  006B  30F8               	movlw	248
   565  006C  00A0               movwf	((??_main+0)+0),f
   566  006D                     u2447:
   567  006D  0BA0               	decfsz	((??_main+0)+0),f
   568  006E  286D               	goto	u2447
   569  006F  0BA1               	decfsz	((??_main+0)+0+1),f
   570  0070  286D               	goto	u2447
   571  0071  0064               	clrwdt
   572                           opt asmopt_on
   573                           
   574                           	line	81
   575                           ;I2C.c: 81: boi++;
   576  0072  3001               	movlw	low(01h)
   577  0073  07F7               	addwf	(_boi),f
   578  0074  1803               	skipnc
   579  0075  0AF8               	incf	(_boi+1),f
   580  0076  3000               	movlw	high(01h)
   581  0077  07F8               	addwf	(_boi+1),f
   582                           	line	82
   583                           	
   584  0078                     l985:	
   585                           	line	62
   586  0078  3000               	movlw	high(0FFh)
   587  0079  0278               	subwf	(_boi+1),w
   588  007A  30FF               	movlw	low(0FFh)
   589  007B  1903               	skipnz
   590  007C  0277               	subwf	(_boi),w
   591  007D  1C03               	skipc
   592  007E  2880               	goto	u2431
   593  007F  2881               	goto	u2430
   594  0080                     u2431:
   595  0080  283A               	goto	l986
   596  0081                     u2430:
   597  0081  2883               	goto	l3321
   598                           	
   599  0082                     l999:	
   600  0082  2883               	goto	l3321
   601                           	line	83
   602                           	
   603  0083                     l984:	
   604                           	line	84
   605                           	
   606  0083                     l3321:	
   607                           ;I2C.c: 82: }
   608                           ;I2C.c: 83: }
   609                           ;I2C.c: 84: _delay((unsigned long)((100)*(8000000/4000.0)));
   610                           	opt asmopt_off
   611  0083  3002               movlw  2
   612  0084  1283               	bcf	status, 5	;RP0=0, select bank0
   613  0085  1303               	bcf	status, 6	;RP1=0, select bank0
   614  0086  00A2               movwf	((??_main+0)+0+2),f
   615  0087  3004               movlw	4
   616  0088  00A1               movwf	((??_main+0)+0+1),f
   617  0089  30BA               	movlw	186
   618  008A  00A0               movwf	((??_main+0)+0),f
   619  008B                     u2457:
   620  008B  0BA0               	decfsz	((??_main+0)+0),f
   621  008C  288B               	goto	u2457
   622  008D  0BA1               	decfsz	((??_main+0)+0+1),f
   623  008E  288B               	goto	u2457
   624  008F  0BA2               	decfsz	((??_main+0)+0+2),f
   625  0090  288B               	goto	u2457
   626  0091  0064               	clrwdt
   627                           opt asmopt_on
   628                           
   629                           	line	85
   630                           ;I2C.c: 85: RA0=!RA0;
   631  0092  3001               	movlw	1<<((40)&7)
   632  0093  1283               	bcf	status, 5	;RP0=0, select bank0
   633  0094  1303               	bcf	status, 6	;RP1=0, select bank0
   634  0095  0685               	xorwf	((40)/8),f
   635  0096  2834               	goto	l3307
   636                           	line	86
   637                           	
   638  0097                     l1000:	
   639                           	line	60
   640  0097  2834               	goto	l3307
   641                           	
   642  0098                     l1001:	
   643                           	line	89
   644                           	
   645  0098                     l1002:	
   646                           	global	start
   647  0098  120A  118A  2812   	ljmp	start
   648                           	opt stack 0
   649                           GLOBAL	__end_of_main
   650  009B                     	__end_of_main:
   651 ;; =============== function _main ends ============
   652                           
   653                           	signat	_main,88
   654                           	global	_I2C_Init
   655                           psect	text173,local,class=CODE,delta=2
   656                           global __ptext173
   657  00CA                     __ptext173:
   658                           
   659 ;; *************** function _I2C_Init *****************
   660 ;; Defined at:
   661 ;;		line 20 in file "I2C.c"
   662 ;; Parameters:    Size  Location     Type
   663 ;;		None
   664 ;; Auto vars:     Size  Location     Type
   665 ;;		None
   666 ;; Return value:  Size  Location     Type
   667 ;;		None               void
   668 ;; Registers used:
   669 ;;		wreg, status,2
   670 ;; Tracked objects:
   671 ;;		On entry : 0/0
   672 ;;		On exit  : 0/0
   673 ;;		Unchanged: 0/0
   674 ;; Data sizes:     COMMON   BANK0   BANK1   BANK3   BANK2
   675 ;;      Params:         0       0       0       0       0
   676 ;;      Locals:         0       0       0       0       0
   677 ;;      Temps:          0       0       0       0       0
   678 ;;      Totals:         0       0       0       0       0
   679 ;;Total ram usage:        0 bytes
   680 ;; Hardware stack levels used:    1
   681 ;; Hardware stack levels required when called:    1
   682 ;; This function calls:
   683 ;;		Nothing
   684 ;; This function is called by:
   685 ;;		_main
   686 ;; This function uses a non-reentrant model
   687 ;;
   688                           psect	text173
   689                           	file	"I2C.c"
   690                           	line	20
   691                           	global	__size_of_I2C_Init
   692  000C                     	__size_of_I2C_Init	equ	__end_of_I2C_Init-_I2C_Init
   693                           	
   694  00CA                     _I2C_Init:	
   695                           	opt	stack 6
   696                           ; Regs used in _I2C_Init: [wreg+status,2]
   697                           	line	21
   698                           	
   699  00CA                     l3271:	
   700                           ;I2C.c: 21: SSPSTAT=0b00000000;
   701  00CA  1683               	bsf	status, 5	;RP0=1, select bank1
   702  00CB  1303               	bcf	status, 6	;RP1=0, select bank1
   703  00CC  0194               	clrf	(148)^080h	;volatile
   704                           	line	22
   705                           	
   706  00CD                     l3273:	
   707                           ;I2C.c: 22: SSPCON=0b00100001;
   708  00CD  3021               	movlw	(021h)
   709  00CE  1283               	bcf	status, 5	;RP0=0, select bank0
   710  00CF  1303               	bcf	status, 6	;RP1=0, select bank0
   711  00D0  0094               	movwf	(20)	;volatile
   712                           	line	23
   713                           	
   714  00D1                     l3275:	
   715                           ;I2C.c: 23: SSPCON2=0b00000000;
   716  00D1  1683               	bsf	status, 5	;RP0=1, select bank1
   717  00D2  1303               	bcf	status, 6	;RP1=0, select bank1
   718  00D3  0191               	clrf	(145)^080h	;volatile
   719                           	line	24
   720                           	
   721  00D4                     l3277:	
   722                           ;I2C.c: 24: SSPIE=1;
   723  00D4  158C               	bsf	(1123/8)^080h,(1123)&7
   724                           	line	25
   725                           	
   726  00D5                     l975:	
   727  00D5  0008               	return
   728                           	opt stack 0
   729                           GLOBAL	__end_of_I2C_Init
   730  00D6                     	__end_of_I2C_Init:
   731 ;; =============== function _I2C_Init ends ============
   732                           
   733                           	signat	_I2C_Init,88
   734                           	global	_xandi_lima
   735                           psect	text174,local,class=CODE,delta=2
   736                           global __ptext174
   737  009B                     __ptext174:
   738                           
   739 ;; *************** function _xandi_lima *****************
   740 ;; Defined at:
   741 ;;		line 29 in file "I2C.c"
   742 ;; Parameters:    Size  Location     Type
   743 ;;		None
   744 ;; Auto vars:     Size  Location     Type
   745 ;;		None
   746 ;; Return value:  Size  Location     Type
   747 ;;		None               void
   748 ;; Registers used:
   749 ;;		wreg
   750 ;; Tracked objects:
   751 ;;		On entry : 0/0
   752 ;;		On exit  : 0/0
   753 ;;		Unchanged: 0/0
   754 ;; Data sizes:     COMMON   BANK0   BANK1   BANK3   BANK2
   755 ;;      Params:         0       0       0       0       0
   756 ;;      Locals:         0       0       0       0       0
   757 ;;      Temps:          6       0       0       0       0
   758 ;;      Totals:         6       0       0       0       0
   759 ;;Total ram usage:        6 bytes
   760 ;; Hardware stack levels used:    1
   761 ;; This function calls:
   762 ;;		Nothing
   763 ;; This function is called by:
   764 ;;		Interrupt level 1
   765 ;; This function uses a non-reentrant model
   766 ;;
   767                           psect	text174
   768                           	file	"I2C.c"
   769                           	line	29
   770                           	global	__size_of_xandi_lima
   771  002F                     	__size_of_xandi_lima	equ	__end_of_xandi_lima-_xandi_lima
   772                           	
   773  009B                     _xandi_lima:	
   774                           	opt	stack 6
   775                           ; Regs used in _xandi_lima: [wreg]
   776                           psect	intentry,class=CODE,delta=2
   777                           global __pintentry
   778  0004                     __pintentry:
   779                           global interrupt_function
   780  0004                     interrupt_function:
   781                           	global saved_w
   782  007E                     	saved_w	set	btemp+0
   783  0004  00FE               	movwf	saved_w
   784  0005  0E03               	swapf	status,w
   785  0006  00F2               	movwf	(??_xandi_lima+2)
   786  0007  0804               	movf	fsr0,w
   787  0008  00F3               	movwf	(??_xandi_lima+3)
   788  0009  080A               	movf	pclath,w
   789  000A  00F4               	movwf	(??_xandi_lima+4)
   790  000B  1283               	bcf	status, 5	;RP0=0, select bank0
   791  000C  1303               	bcf	status, 6	;RP1=0, select bank0
   792  000D  087F               	movf	btemp+1,w
   793  000E  00F5               	movwf	(??_xandi_lima+5)
   794  000F  120A  118A  289B   	ljmp	_xandi_lima
   795                           psect	text174
   796                           	line	31
   797                           	
   798  009B                     i1l2309:	
   799                           ;I2C.c: 31: if(INTE && INTF){
   800  009B  1E0B               	btfss	(92/8),(92)&7
   801  009C  289E               	goto	u1_21
   802  009D  289F               	goto	u1_20
   803  009E                     u1_21:
   804  009E  28AF               	goto	i1l2319
   805  009F                     u1_20:
   806                           	
   807  009F                     i1l2311:	
   808  009F  1C8B               	btfss	(89/8),(89)&7
   809  00A0  28A2               	goto	u2_21
   810  00A1  28A3               	goto	u2_20
   811  00A2                     u2_21:
   812  00A2  28AF               	goto	i1l2319
   813  00A3                     u2_20:
   814                           	line	32
   815                           	
   816  00A3                     i1l2313:	
   817                           ;I2C.c: 32: _delay((unsigned long)((50)*(8000000/4000.0)));
   818                           	opt asmopt_off
   819  00A3  3082               movlw	130
   820  00A4  00F1               movwf	((??_xandi_lima+0)+0+1),f
   821  00A5  30DD               	movlw	221
   822  00A6  00F0               movwf	((??_xandi_lima+0)+0),f
   823  00A7                     u246_27:
   824  00A7  0BF0               	decfsz	((??_xandi_lima+0)+0),f
   825  00A8  28A7               	goto	u246_27
   826  00A9  0BF1               	decfsz	((??_xandi_lima+0)+0+1),f
   827  00AA  28A7               	goto	u246_27
   828  00AB  28AC               	nop2
   829                           opt asmopt_on
   830                           
   831                           	line	33
   832                           	
   833  00AC                     i1l2315:	
   834                           ;I2C.c: 33: INTF=0;
   835  00AC  108B               	bcf	(89/8),(89)&7
   836                           	line	34
   837                           	
   838  00AD                     i1l2317:	
   839                           ;I2C.c: 34: oi=1;
   840  00AD  14F6               	bsf	(_oi/8),(_oi)&7
   841  00AE  28AF               	goto	i1l2319
   842                           	line	35
   843                           	
   844  00AF                     i1l978:	
   845                           	line	37
   846                           	
   847  00AF                     i1l2319:	
   848                           ;I2C.c: 35: }
   849                           ;I2C.c: 37: if(SSPIE && SSPIF){
   850  00AF  1683               	bsf	status, 5	;RP0=1, select bank1
   851  00B0  1303               	bcf	status, 6	;RP1=0, select bank1
   852  00B1  1D8C               	btfss	(1123/8)^080h,(1123)&7
   853  00B2  28B4               	goto	u3_21
   854  00B3  28B5               	goto	u3_20
   855  00B4                     u3_21:
   856  00B4  28BE               	goto	i1l980
   857  00B5                     u3_20:
   858                           	
   859  00B5                     i1l2321:	
   860  00B5  1283               	bcf	status, 5	;RP0=0, select bank0
   861  00B6  1303               	bcf	status, 6	;RP1=0, select bank0
   862  00B7  1D8C               	btfss	(99/8),(99)&7
   863  00B8  28BA               	goto	u4_21
   864  00B9  28BB               	goto	u4_20
   865  00BA                     u4_21:
   866  00BA  28BE               	goto	i1l980
   867  00BB                     u4_20:
   868                           	line	38
   869                           	
   870  00BB                     i1l2323:	
   871                           ;I2C.c: 38: SSPIF=0;
   872  00BB  118C               	bcf	(99/8),(99)&7
   873                           	line	39
   874                           ;I2C.c: 39: ei=1;
   875  00BC  1476               	bsf	(_ei/8),(_ei)&7
   876  00BD  28BE               	goto	i1l980
   877                           	line	40
   878                           	
   879  00BE                     i1l979:	
   880                           	line	42
   881                           	
   882  00BE                     i1l980:	
   883  00BE  0875               	movf	(??_xandi_lima+5),w
   884  00BF  1283               	bcf	status, 5	;RP0=0, select bank0
   885  00C0  00FF               	movwf	btemp+1
   886  00C1  0874               	movf	(??_xandi_lima+4),w
   887  00C2  008A               	movwf	pclath
   888  00C3  0873               	movf	(??_xandi_lima+3),w
   889  00C4  0084               	movwf	fsr0
   890  00C5  0E72               	swapf	(??_xandi_lima+2)^0FFFFFF80h,w
   891  00C6  0083               	movwf	status
   892  00C7  0EFE               	swapf	saved_w,f
   893  00C8  0E7E               	swapf	saved_w,w
   894  00C9  0009               	retfie
   895                           	opt stack 0
   896                           GLOBAL	__end_of_xandi_lima
   897  00CA                     	__end_of_xandi_lima:
   898 ;; =============== function _xandi_lima ends ============
   899                           
   900                           	signat	_xandi_lima,88
   901                           psect	text175,local,class=CODE,delta=2
   902                           global __ptext175
   903  0000                     __ptext175:
   904                           	global	btemp
   905  007E                     	btemp set 07Eh
   906                           
   907                           	DABS	1,126,2	;btemp
   908                           	global	wtemp0
   909  007E                     	wtemp0 set btemp


HI-TECH Software PICC Macro Assembler V9.83 build 10920 
Symbol Table                                                                                   Sun Dec 08 15:20:40 2013

                  _RD 0C60                    _WR 0C61                    _ei 03B0                    _oi 03B1  
                 l990 004D                   l975 00D5                   l991 004D                   l983 0034  
                 l984 0083                   l992 0051                   l993 0057                   l985 0078  
                 l994 0057                   l986 003A                   l995 005B                   l987 0041  
                 _GIE 005F                   l996 0061                   l988 0041                   l997 0061  
                 l989 0045                   l998 0065                   l999 0082                   _RA0 0028  
                 _RB1 0031                   _boi 0077                   fsr0 0004                  l1000 0097  
                l1001 0098                  l1002 0098                  l3301 002E                  l3311 003E  
                l3303 0031                  l3313 004A                  l3321 0083                  l3305 0032  
                l3315 0052                  l3307 0034                  l3317 005C                  l3309 0039  
                l3271 00CA                  l3319 0069                  l3273 00CD                  l3281 0019  
                l3275 00D1                  l3291 0024                  l3283 001C                  l3277 00D4  
                l3293 0026                  l3285 001D                  l3295 0027                  l3287 0020  
                l3279 0015                  l3297 0028                  l3289 0023                  l3299 0029  
                u2400 0051                  u2401 0050                  u2410 005B                  u2411 005A  
                u2420 0065                  u2421 0064                  u2430 0081                  u2431 0080  
                u2380 0038                  u2381 0037                  u2390 0045                  u2447 006D  
                u2391 0044                  u2457 008B                  _INTE 005C                  _INTF 0059  
                _WREN 0C62                  u1_20 009F                  u1_21 009E                  u2_20 00A3  
                u2_21 00A2                  u3_20 00B5                  u3_21 00B4                  u4_20 00BB  
                u4_21 00BA                  _main 0015      __end_of_I2C_Init 00D6                  btemp 007E  
                start 0012                 ?_main 0070                 _EEADR 010D                 _CARRY 0018  
               _ANSEL 0188                 i1l980 00BE                 i1l978 00AF                 i1l979 00BE  
               _PORTA 0005                 _TRISA 0085                 _TRISB 0086                 _TRISC 0087  
               _SSPIE 0463                 _SSPIF 0063        __pbitbssCOMMON 03B0                 pclath 000A  
               status 0003                 wtemp0 007E          __end_of_main 009B                ??_main 0020  
              _EEDATA 010C                _EECON1 018C                _EECON2 018D                _ANSELH 0189  
              i1l2311 009F                i1l2321 00B5                i1l2313 00A3                i1l2323 00BB  
              i1l2315 00AC                i1l2317 00AD                i1l2309 009B                i1l2319 00AF  
              _INTCON 000B                u246_27 00A7                _OSCCON 008F                _TRISC4 043C  
              _SSPCON 0014                _SSPBUF 0013             ?_I2C_Init 0070                saved_w 007E  
      __pcstackCOMMON 0070            ??_I2C_Init 0020            __pmaintext 0015            __pintentry 0004  
             _SSPCON2 0091               _SSPSTAT 0094  end_of_initialization 00D9            _xandi_lima 009B  
   __size_of_I2C_Init 000C   start_initialization 00D6           ?_xandi_lima 0070           __pbssCOMMON 0077  
       __pcstackBANK0 0020             __ptext172 0000             __ptext173 00CA             __ptext174 009B  
           __ptext175 0000              _I2C_Init 00CA     interrupt_function 0004   __size_of_xandi_lima 002F  
       __size_of_main 0086          ??_xandi_lima 0070              intlevel1 0000    __end_of_xandi_lima 00CA  
          _OPTION_REG 0081  
