

Microchip Technology PIC LITE Macro Assembler V1.20 build 52243 
                                                                                               Mon Aug 04 20:27:17 2014

Microchip Technology Omniscient Code Generator (Lite mode) build 52243
     1                           	processor	16F690
     2                           	opt	pw 120
     3                           	opt	lm
     4                           	psect	idataCOMMON,global,class=CODE,delta=2
     5                           	psect	cinit,global,class=CODE,merge=1,delta=2
     6                           	psect	bssCOMMON,global,class=COMMON,space=1,delta=1
     7                           	psect	dataCOMMON,global,class=COMMON,space=1,delta=1
     8                           	psect	cstackCOMMON,global,class=COMMON,space=1,delta=1
     9                           	psect	cstackBANK0,global,class=BANK0,space=1,delta=1
    10                           	psect	maintext,global,class=CODE,split=1,delta=2
    11                           	psect	text1,local,class=CODE,merge=1,delta=2
    12                           	psect	intentry,global,class=CODE,delta=2
    13                           	dabs	1,0x7E,2
    14  0000                     	;# 
    15  0001                     	;# 
    16  0002                     	;# 
    17  0003                     	;# 
    18  0004                     	;# 
    19  0005                     	;# 
    20  0006                     	;# 
    21  0007                     	;# 
    22  000A                     	;# 
    23  000B                     	;# 
    24  000C                     	;# 
    25  000D                     	;# 
    26  000E                     	;# 
    27  000E                     	;# 
    28  000F                     	;# 
    29  0010                     	;# 
    30  0011                     	;# 
    31  0012                     	;# 
    32  0013                     	;# 
    33  0014                     	;# 
    34  0015                     	;# 
    35  0015                     	;# 
    36  0016                     	;# 
    37  0017                     	;# 
    38  0018                     	;# 
    39  0019                     	;# 
    40  001A                     	;# 
    41  001C                     	;# 
    42  001D                     	;# 
    43  001E                     	;# 
    44  001F                     	;# 
    45  0081                     	;# 
    46  0085                     	;# 
    47  0086                     	;# 
    48  0087                     	;# 
    49  008C                     	;# 
    50  008D                     	;# 
    51  008E                     	;# 
    52  008F                     	;# 
    53  0090                     	;# 
    54  0092                     	;# 
    55  0093                     	;# 
    56  0093                     	;# 
    57  0093                     	;# 
    58  0094                     	;# 
    59  0095                     	;# 
    60  0095                     	;# 
    61  0096                     	;# 
    62  0096                     	;# 
    63  0097                     	;# 
    64  0098                     	;# 
    65  0099                     	;# 
    66  009A                     	;# 
    67  009B                     	;# 
    68  009E                     	;# 
    69  009F                     	;# 
    70  010C                     	;# 
    71  010C                     	;# 
    72  010D                     	;# 
    73  010E                     	;# 
    74  010F                     	;# 
    75  0115                     	;# 
    76  0116                     	;# 
    77  0118                     	;# 
    78  0119                     	;# 
    79  011A                     	;# 
    80  011B                     	;# 
    81  011E                     	;# 
    82  011F                     	;# 
    83  018C                     	;# 
    84  018D                     	;# 
    85  019D                     	;# 
    86  019E                     	;# 
    87                           
    88                           	psect	idataCOMMON
    89  02F7                     __pidataCOMMON:	
    90                           
    91                           ;initializer for _a
    92  02F7  34E6               	retlw	230
    93  02F8  3400               	retlw	0
    94  001F                     _ADCON0	set	31
    95  001E                     _ADRESH	set	30
    96  0017                     _CCP1CON	set	23
    97  0015                     _CCPR1L	set	21
    98  000B                     _INTCON	set	11
    99  0010                     _T1CON	set	16
   100  0012                     _T2CON	set	18
   101  000F                     _TMR1H	set	15
   102  000E                     _TMR1L	set	14
   103  00F9                     _GO	set	249
   104  0028                     _RA0	set	40
   105  0029                     _RA1	set	41
   106  0060                     _TMR1IF	set	96
   107  0061                     _TMR2IF	set	97
   108  0092                     _TMR2ON	set	146
   109  009F                     _ADCON1	set	159
   110  0092                     _PR2	set	146
   111  0085                     _TRISA	set	133
   112  0086                     _TRISB	set	134
   113  0087                     _TRISC	set	135
   114  0460                     _TMR1IE	set	1120
   115  0461                     _TMR2IE	set	1121
   116  043C                     _TRISC4	set	1084
   117  043D                     _TRISC5	set	1085
   118  011E                     _ANSEL	set	286
   119  011F                     _ANSELH	set	287
   120                           
   121                           ; #config settings
   122  0000                     
   123                           	psect	cinit
   124  02EA                     start_initialization:	
   125  02EA                     __initialization:	
   126                           
   127                           ; Clear objects allocated to COMMON
   128  02EA  01F6               	clrf	__pbssCOMMON& (0+127)
   129  02EB  01F7               	clrf	(__pbssCOMMON+1)& (0+127)
   130  02EC  01F8               	clrf	(__pbssCOMMON+2)& (0+127)
   131                           
   132                           ; Initialize objects allocated to COMMON
   133  02ED  118A  22F7  118A   	fcall	__pidataCOMMON	;fetch initializer
   134  02F0  00F9               	movwf	__pdataCOMMON& (0+127)
   135  02F1  118A  22F8         	fcall	__pidataCOMMON+1	;fetch initializer
   136  02F3  00FA               	movwf	(__pdataCOMMON+1)& (0+127)
   137  02F4                     end_of_initialization:	
   138                           ;End of C runtime variable initialization code
   139                           
   140  02F4                     __end_of__initialization:	
   141  02F4  0183               	clrf	3
   142  02F5  118A  2813         	ljmp	_main	;jump to C main() function
   143                           
   144                           	psect	bssCOMMON
   145  0076                     __pbssCOMMON:	
   146  0076                     _cont:	
   147  0076                     	ds	1
   148  0077                     _ok:	
   149  0077                     	ds	1
   150  0078                     _tempo:	
   151  0078                     	ds	1
   152                           
   153                           	psect	dataCOMMON
   154  0079                     __pdataCOMMON:	
   155  0079                     _a:	
   156  0079                     	ds	2
   157                           
   158                           	psect	cstackCOMMON
   159  0070                     __pcstackCOMMON:	
   160  0070                     ?_xandi:	
   161  0070                     ??_xandi:	
   162                           ; 0 bytes @ 0x0
   163                           
   164  0070                     ?_main:	
   165                           ; 0 bytes @ 0x0
   166                           
   167                           
   168                           ; 0 bytes @ 0x0
   169  0070                     	ds	6
   170                           
   171                           	psect	cstackBANK0
   172  0020                     __pcstackBANK0:	
   173  0020                     ??_main:	
   174                           
   175                           ; 0 bytes @ 0x0
   176  0020                     	ds	3
   177                           
   178                           	psect	maintext
   179  0013                     __pmaintext:	
   180 ;;
   181 ;;Main: autosize = 0, tempsize = 3, incstack = 0, save=0
   182 ;;
   183 ;; *************** function _main *****************
   184 ;; Defined at:
   185 ;;		line 49 in file "gerador.c"
   186 ;; Parameters:    Size  Location     Type
   187 ;;		None
   188 ;; Auto vars:     Size  Location     Type
   189 ;;		None
   190 ;; Return value:  Size  Location     Type
   191 ;;		None               void
   192 ;; Registers used:
   193 ;;		wreg, status,2, status,0
   194 ;; Tracked objects:
   195 ;;		On entry : 17F/0
   196 ;;		On exit  : 0/0
   197 ;;		Unchanged: 0/0
   198 ;; Data sizes:     COMMON   BANK0   BANK1   BANK2
   199 ;;      Params:         0       0       0       0
   200 ;;      Locals:         0       0       0       0
   201 ;;      Temps:          0       3       0       0
   202 ;;      Totals:         0       3       0       0
   203 ;;Total ram usage:        3 bytes
   204 ;; Hardware stack levels required when called:    1
   205 ;; This function calls:
   206 ;;		Nothing
   207 ;; This function is called by:
   208 ;;		Startup code after reset
   209 ;; This function uses a non-reentrant model
   210 ;;
   211                           
   212                           
   213                           ;psect for function _main
   214  0013                     _main:	
   215                           
   216                           ;gerador.c: 50: ANSEL=0b00000100;
   217                           
   218                           ;incstack = 0
   219                           ; Regs used in _main: [wreg+status,2+status,0]
   220  0013  3004               	movlw	4
   221  0014  1283               	bcf	3,5	;RP0=0, select bank2
   222  0015  1703               	bsf	3,6	;RP1=1, select bank2
   223  0016  009E               	movwf	30	;volatile
   224                           
   225                           ;gerador.c: 51: ANSELH=0;
   226  0017  019F               	clrf	31	;volatile
   227                           
   228                           ;gerador.c: 52: TRISA=0b00000100;
   229  0018  3004               	movlw	4
   230  0019  1683               	bsf	3,5	;RP0=1, select bank1
   231  001A  1303               	bcf	3,6	;RP1=0, select bank1
   232  001B  0085               	movwf	5	;volatile
   233                           
   234                           ;gerador.c: 53: TRISB=0b11110000;
   235  001C  30F0               	movlw	240
   236  001D  0086               	movwf	6	;volatile
   237                           
   238                           ;gerador.c: 54: TRISC=0b00111111;
   239  001E  303F               	movlw	63
   240  001F  0087               	movwf	7	;volatile
   241                           
   242                           ;gerador.c: 55: ADCON0=0b00001001;
   243  0020  3009               	movlw	9
   244  0021  1283               	bcf	3,5	;RP0=0, select bank0
   245  0022  1303               	bcf	3,6	;RP1=0, select bank0
   246  0023  009F               	movwf	31	;volatile
   247                           
   248                           ;gerador.c: 56: ADCON1=0b01000000;
   249  0024  3040               	movlw	64
   250  0025  1683               	bsf	3,5	;RP0=1, select bank1
   251  0026  1303               	bcf	3,6	;RP1=0, select bank1
   252  0027  009F               	movwf	31	;volatile
   253                           
   254                           ;gerador.c: 57: PR2=100;
   255  0028  3064               	movlw	100
   256  0029  0092               	movwf	18	;volatile
   257                           
   258                           ;gerador.c: 58: CCP1CON=0b10001100;
   259  002A  308C               	movlw	140
   260  002B  1283               	bcf	3,5	;RP0=0, select bank0
   261  002C  1303               	bcf	3,6	;RP1=0, select bank0
   262  002D  0097               	movwf	23	;volatile
   263                           
   264                           ;gerador.c: 59: CCPR1L=0;
   265  002E  0195               	clrf	21	;volatile
   266                           
   267                           ;gerador.c: 60: TMR2IF=0;
   268  002F  108C               	bcf	12,1	;volatile
   269                           
   270                           ;gerador.c: 61: T2CON=0b00000000;
   271  0030  0192               	clrf	18	;volatile
   272                           
   273                           ;gerador.c: 62: TMR2IE=1;
   274  0031  1683               	bsf	3,5	;RP0=1, select bank1
   275  0032  1303               	bcf	3,6	;RP1=0, select bank1
   276  0033  148C               	bsf	12,1	;volatile
   277                           
   278                           ;gerador.c: 63: INTCON=0b11000000;
   279  0034  30C0               	movlw	192
   280  0035  008B               	movwf	11	;volatile
   281                           
   282                           ;gerador.c: 64: TMR2ON=1;
   283  0036  1283               	bcf	3,5	;RP0=0, select bank0
   284  0037  1303               	bcf	3,6	;RP1=0, select bank0
   285  0038  1512               	bsf	18,2	;volatile
   286                           
   287                           ;gerador.c: 65: T1CON=0b00000001;
   288  0039  3001               	movlw	1
   289  003A  0090               	movwf	16	;volatile
   290                           
   291                           ;gerador.c: 66: TMR1L=(63535&0xFF);
   292  003B  302F               	movlw	47
   293  003C  008E               	movwf	14	;volatile
   294                           
   295                           ;gerador.c: 67: TMR1H=((63535>>8)&0xFF);
   296  003D  30F8               	movlw	248
   297  003E  008F               	movwf	15	;volatile
   298                           
   299                           ;gerador.c: 68: TMR1IE=1;
   300  003F  1683               	bsf	3,5	;RP0=1, select bank1
   301  0040  1303               	bcf	3,6	;RP1=0, select bank1
   302  0041  140C               	bsf	12,0	;volatile
   303  0042                     l880:	
   304                           ;gerador.c: 70: while(++ok<=a);
   305                           
   306                           ;gerador.c: 69: while(1){
   307                           
   308  0042  3001               	movlw	1
   309  0043  1283               	bcf	3,5	;RP0=0, select bank0
   310  0044  00A0               	movwf	??_main
   311  0045  0820               	movf	??_main,w
   312  0046  07F7               	addwf	_ok,f
   313  0047  0877               	movf	_ok,w
   314  0048  00A1               	movwf	??_main+1
   315  0049  01A2               	clrf	??_main+2
   316  004A  0822               	movf	??_main+2,w
   317  004B  027A               	subwf	_a+1,w
   318  004C  1D03               	skipz
   319  004D  2850               	goto	u355
   320  004E  0821               	movf	??_main+1,w
   321  004F  0279               	subwf	_a,w
   322  0050                     u355:	
   323  0050  1803               	skipnc
   324  0051  2842               	goto	l880
   325                           
   326                           ;gerador.c: 71: _nop();
   327  0052  0000               	nop
   328                           
   329                           ;gerador.c: 72: ok=0;
   330  0053  01F7               	clrf	_ok
   331                           
   332                           ;gerador.c: 73: CCPR1L=0;
   333  0054  1283               	bcf	3,5	;RP0=0, select bank0
   334  0055  1303               	bcf	3,6	;RP1=0, select bank0
   335  0056  0195               	clrf	21	;volatile
   336  0057                     l884:	
   337                           ;gerador.c: 74: while(++ok<=a);
   338                           
   339  0057  3001               	movlw	1
   340  0058  00A0               	movwf	??_main
   341  0059  0820               	movf	??_main,w
   342  005A  07F7               	addwf	_ok,f
   343  005B  0877               	movf	_ok,w
   344  005C  00A1               	movwf	??_main+1
   345  005D  01A2               	clrf	??_main+2
   346  005E  0822               	movf	??_main+2,w
   347  005F  027A               	subwf	_a+1,w
   348  0060  1D03               	skipz
   349  0061  2864               	goto	u365
   350  0062  0821               	movf	??_main+1,w
   351  0063  0279               	subwf	_a,w
   352  0064                     u365:	
   353  0064  1803               	skipnc
   354  0065  2857               	goto	l884
   355                           
   356                           ;gerador.c: 75: _nop();
   357  0066  0000               	nop
   358                           
   359                           ;gerador.c: 76: ok=0;
   360  0067  01F7               	clrf	_ok
   361                           
   362                           ;gerador.c: 77: RA0=!RA0;
   363  0068  3001               	movlw	1
   364  0069  1283               	bcf	3,5	;RP0=0, select bank0
   365  006A  1303               	bcf	3,6	;RP1=0, select bank0
   366  006B  0685               	xorwf	5,f
   367                           
   368                           ;gerador.c: 78: RA1=!RA0;
   369  006C  1805               	btfsc	5,0	;volatile
   370  006D  2872               	goto	u370
   371  006E  1283               	bcf	3,5	;RP0=0, select bank0
   372  006F  1303               	bcf	3,6	;RP1=0, select bank0
   373  0070  1485               	bsf	5,1	;volatile
   374  0071  2875               	goto	l892
   375  0072                     u370:	
   376  0072  1283               	bcf	3,5	;RP0=0, select bank0
   377  0073  1303               	bcf	3,6	;RP1=0, select bank0
   378  0074  1085               	bcf	5,1	;volatile
   379  0075                     l892:	
   380                           
   381                           ;gerador.c: 79: CCPR1L=10;
   382  0075  300A               	movlw	10
   383  0076  0095               	movwf	21	;volatile
   384  0077                     l894:	
   385                           ;gerador.c: 80: while(++ok<=a);
   386                           
   387  0077  3001               	movlw	1
   388  0078  00A0               	movwf	??_main
   389  0079  0820               	movf	??_main,w
   390  007A  07F7               	addwf	_ok,f
   391  007B  0877               	movf	_ok,w
   392  007C  00A1               	movwf	??_main+1
   393  007D  01A2               	clrf	??_main+2
   394  007E  0822               	movf	??_main+2,w
   395  007F  027A               	subwf	_a+1,w
   396  0080  1D03               	skipz
   397  0081  2884               	goto	u395
   398  0082  0821               	movf	??_main+1,w
   399  0083  0279               	subwf	_a,w
   400  0084                     u395:	
   401  0084  1803               	skipnc
   402  0085  2877               	goto	l894
   403                           
   404                           ;gerador.c: 81: _nop();
   405  0086  0000               	nop
   406                           
   407                           ;gerador.c: 82: ok=0;
   408  0087  01F7               	clrf	_ok
   409                           
   410                           ;gerador.c: 83: CCPR1L=21;
   411  0088  3015               	movlw	21
   412  0089  1283               	bcf	3,5	;RP0=0, select bank0
   413  008A  1303               	bcf	3,6	;RP1=0, select bank0
   414  008B  0095               	movwf	21	;volatile
   415  008C                     l900:	
   416                           ;gerador.c: 84: while(++ok<=a);
   417                           
   418  008C  3001               	movlw	1
   419  008D  00A0               	movwf	??_main
   420  008E  0820               	movf	??_main,w
   421  008F  07F7               	addwf	_ok,f
   422  0090  0877               	movf	_ok,w
   423  0091  00A1               	movwf	??_main+1
   424  0092  01A2               	clrf	??_main+2
   425  0093  0822               	movf	??_main+2,w
   426  0094  027A               	subwf	_a+1,w
   427  0095  1D03               	skipz
   428  0096  2899               	goto	u405
   429  0097  0821               	movf	??_main+1,w
   430  0098  0279               	subwf	_a,w
   431  0099                     u405:	
   432  0099  1803               	skipnc
   433  009A  288C               	goto	l900
   434                           
   435                           ;gerador.c: 85: _nop();
   436  009B  0000               	nop
   437                           
   438                           ;gerador.c: 86: ok=0;
   439  009C  01F7               	clrf	_ok
   440                           
   441                           ;gerador.c: 87: CCPR1L=31;
   442  009D  301F               	movlw	31
   443  009E  1283               	bcf	3,5	;RP0=0, select bank0
   444  009F  1303               	bcf	3,6	;RP1=0, select bank0
   445  00A0  0095               	movwf	21	;volatile
   446  00A1                     l906:	
   447                           ;gerador.c: 88: while(++ok<=a);
   448                           
   449  00A1  3001               	movlw	1
   450  00A2  00A0               	movwf	??_main
   451  00A3  0820               	movf	??_main,w
   452  00A4  07F7               	addwf	_ok,f
   453  00A5  0877               	movf	_ok,w
   454  00A6  00A1               	movwf	??_main+1
   455  00A7  01A2               	clrf	??_main+2
   456  00A8  0822               	movf	??_main+2,w
   457  00A9  027A               	subwf	_a+1,w
   458  00AA  1D03               	skipz
   459  00AB  28AE               	goto	u415
   460  00AC  0821               	movf	??_main+1,w
   461  00AD  0279               	subwf	_a,w
   462  00AE                     u415:	
   463  00AE  1803               	skipnc
   464  00AF  28A1               	goto	l906
   465                           
   466                           ;gerador.c: 89: _nop();
   467  00B0  0000               	nop
   468                           
   469                           ;gerador.c: 90: ok=0;
   470  00B1  01F7               	clrf	_ok
   471                           
   472                           ;gerador.c: 91: CCPR1L=41;
   473  00B2  3029               	movlw	41
   474  00B3  1283               	bcf	3,5	;RP0=0, select bank0
   475  00B4  1303               	bcf	3,6	;RP1=0, select bank0
   476  00B5  0095               	movwf	21	;volatile
   477  00B6                     l912:	
   478                           ;gerador.c: 92: while(++ok<=a);
   479                           
   480  00B6  3001               	movlw	1
   481  00B7  00A0               	movwf	??_main
   482  00B8  0820               	movf	??_main,w
   483  00B9  07F7               	addwf	_ok,f
   484  00BA  0877               	movf	_ok,w
   485  00BB  00A1               	movwf	??_main+1
   486  00BC  01A2               	clrf	??_main+2
   487  00BD  0822               	movf	??_main+2,w
   488  00BE  027A               	subwf	_a+1,w
   489  00BF  1D03               	skipz
   490  00C0  28C3               	goto	u425
   491  00C1  0821               	movf	??_main+1,w
   492  00C2  0279               	subwf	_a,w
   493  00C3                     u425:	
   494  00C3  1803               	skipnc
   495  00C4  28B6               	goto	l912
   496                           
   497                           ;gerador.c: 93: _nop();
   498  00C5  0000               	nop
   499                           
   500                           ;gerador.c: 94: ok=0;
   501  00C6  01F7               	clrf	_ok
   502                           
   503                           ;gerador.c: 95: CCPR1L=50;
   504  00C7  3032               	movlw	50
   505  00C8  1283               	bcf	3,5	;RP0=0, select bank0
   506  00C9  1303               	bcf	3,6	;RP1=0, select bank0
   507  00CA  0095               	movwf	21	;volatile
   508  00CB                     l918:	
   509                           ;gerador.c: 96: while(++ok<=a);
   510                           
   511  00CB  3001               	movlw	1
   512  00CC  00A0               	movwf	??_main
   513  00CD  0820               	movf	??_main,w
   514  00CE  07F7               	addwf	_ok,f
   515  00CF  0877               	movf	_ok,w
   516  00D0  00A1               	movwf	??_main+1
   517  00D1  01A2               	clrf	??_main+2
   518  00D2  0822               	movf	??_main+2,w
   519  00D3  027A               	subwf	_a+1,w
   520  00D4  1D03               	skipz
   521  00D5  28D8               	goto	u435
   522  00D6  0821               	movf	??_main+1,w
   523  00D7  0279               	subwf	_a,w
   524  00D8                     u435:	
   525  00D8  1803               	skipnc
   526  00D9  28CB               	goto	l918
   527                           
   528                           ;gerador.c: 97: _nop();
   529  00DA  0000               	nop
   530                           
   531                           ;gerador.c: 98: ok=0;
   532  00DB  01F7               	clrf	_ok
   533                           
   534                           ;gerador.c: 99: CCPR1L=59;
   535  00DC  303B               	movlw	59
   536  00DD  1283               	bcf	3,5	;RP0=0, select bank0
   537  00DE  1303               	bcf	3,6	;RP1=0, select bank0
   538  00DF  0095               	movwf	21	;volatile
   539  00E0                     l924:	
   540                           ;gerador.c: 100: while(++ok<=a);
   541                           
   542  00E0  3001               	movlw	1
   543  00E1  00A0               	movwf	??_main
   544  00E2  0820               	movf	??_main,w
   545  00E3  07F7               	addwf	_ok,f
   546  00E4  0877               	movf	_ok,w
   547  00E5  00A1               	movwf	??_main+1
   548  00E6  01A2               	clrf	??_main+2
   549  00E7  0822               	movf	??_main+2,w
   550  00E8  027A               	subwf	_a+1,w
   551  00E9  1D03               	skipz
   552  00EA  28ED               	goto	u445
   553  00EB  0821               	movf	??_main+1,w
   554  00EC  0279               	subwf	_a,w
   555  00ED                     u445:	
   556  00ED  1803               	skipnc
   557  00EE  28E0               	goto	l924
   558                           
   559                           ;gerador.c: 101: _nop();
   560  00EF  0000               	nop
   561                           
   562                           ;gerador.c: 102: ok=0;
   563  00F0  01F7               	clrf	_ok
   564                           
   565                           ;gerador.c: 103: CCPR1L=67;
   566  00F1  3043               	movlw	67
   567  00F2  1283               	bcf	3,5	;RP0=0, select bank0
   568  00F3  1303               	bcf	3,6	;RP1=0, select bank0
   569  00F4  0095               	movwf	21	;volatile
   570  00F5                     l930:	
   571                           ;gerador.c: 104: while(++ok<=a);
   572                           
   573  00F5  3001               	movlw	1
   574  00F6  00A0               	movwf	??_main
   575  00F7  0820               	movf	??_main,w
   576  00F8  07F7               	addwf	_ok,f
   577  00F9  0877               	movf	_ok,w
   578  00FA  00A1               	movwf	??_main+1
   579  00FB  01A2               	clrf	??_main+2
   580  00FC  0822               	movf	??_main+2,w
   581  00FD  027A               	subwf	_a+1,w
   582  00FE  1D03               	skipz
   583  00FF  2902               	goto	u455
   584  0100  0821               	movf	??_main+1,w
   585  0101  0279               	subwf	_a,w
   586  0102                     u455:	
   587  0102  1803               	skipnc
   588  0103  28F5               	goto	l930
   589                           
   590                           ;gerador.c: 105: _nop();
   591  0104  0000               	nop
   592                           
   593                           ;gerador.c: 106: ok=0;
   594  0105  01F7               	clrf	_ok
   595                           
   596                           ;gerador.c: 107: CCPR1L=74;
   597  0106  304A               	movlw	74
   598  0107  1283               	bcf	3,5	;RP0=0, select bank0
   599  0108  1303               	bcf	3,6	;RP1=0, select bank0
   600  0109  0095               	movwf	21	;volatile
   601  010A                     l936:	
   602                           ;gerador.c: 108: while(++ok<=a);
   603                           
   604  010A  3001               	movlw	1
   605  010B  00A0               	movwf	??_main
   606  010C  0820               	movf	??_main,w
   607  010D  07F7               	addwf	_ok,f
   608  010E  0877               	movf	_ok,w
   609  010F  00A1               	movwf	??_main+1
   610  0110  01A2               	clrf	??_main+2
   611  0111  0822               	movf	??_main+2,w
   612  0112  027A               	subwf	_a+1,w
   613  0113  1D03               	skipz
   614  0114  2917               	goto	u465
   615  0115  0821               	movf	??_main+1,w
   616  0116  0279               	subwf	_a,w
   617  0117                     u465:	
   618  0117  1803               	skipnc
   619  0118  290A               	goto	l936
   620                           
   621                           ;gerador.c: 109: _nop();
   622  0119  0000               	nop
   623                           
   624                           ;gerador.c: 110: ok=0;
   625  011A  01F7               	clrf	_ok
   626                           
   627                           ;gerador.c: 111: CCPR1L=81;
   628  011B  3051               	movlw	81
   629  011C  1283               	bcf	3,5	;RP0=0, select bank0
   630  011D  1303               	bcf	3,6	;RP1=0, select bank0
   631  011E  0095               	movwf	21	;volatile
   632  011F                     l942:	
   633                           ;gerador.c: 112: while(++ok<=a);
   634                           
   635  011F  3001               	movlw	1
   636  0120  00A0               	movwf	??_main
   637  0121  0820               	movf	??_main,w
   638  0122  07F7               	addwf	_ok,f
   639  0123  0877               	movf	_ok,w
   640  0124  00A1               	movwf	??_main+1
   641  0125  01A2               	clrf	??_main+2
   642  0126  0822               	movf	??_main+2,w
   643  0127  027A               	subwf	_a+1,w
   644  0128  1D03               	skipz
   645  0129  292C               	goto	u475
   646  012A  0821               	movf	??_main+1,w
   647  012B  0279               	subwf	_a,w
   648  012C                     u475:	
   649  012C  1803               	skipnc
   650  012D  291F               	goto	l942
   651                           
   652                           ;gerador.c: 113: _nop();
   653  012E  0000               	nop
   654                           
   655                           ;gerador.c: 114: ok=0;
   656  012F  01F7               	clrf	_ok
   657                           
   658                           ;gerador.c: 115: CCPR1L=87;
   659  0130  3057               	movlw	87
   660  0131  1283               	bcf	3,5	;RP0=0, select bank0
   661  0132  1303               	bcf	3,6	;RP1=0, select bank0
   662  0133  0095               	movwf	21	;volatile
   663  0134                     l948:	
   664                           ;gerador.c: 116: while(++ok<=a);
   665                           
   666  0134  3001               	movlw	1
   667  0135  00A0               	movwf	??_main
   668  0136  0820               	movf	??_main,w
   669  0137  07F7               	addwf	_ok,f
   670  0138  0877               	movf	_ok,w
   671  0139  00A1               	movwf	??_main+1
   672  013A  01A2               	clrf	??_main+2
   673  013B  0822               	movf	??_main+2,w
   674  013C  027A               	subwf	_a+1,w
   675  013D  1D03               	skipz
   676  013E  2941               	goto	u485
   677  013F  0821               	movf	??_main+1,w
   678  0140  0279               	subwf	_a,w
   679  0141                     u485:	
   680  0141  1803               	skipnc
   681  0142  2934               	goto	l948
   682                           
   683                           ;gerador.c: 117: _nop();
   684  0143  0000               	nop
   685                           
   686                           ;gerador.c: 118: ok=0;
   687  0144  01F7               	clrf	_ok
   688                           
   689                           ;gerador.c: 119: CCPR1L=91;
   690  0145  305B               	movlw	91
   691  0146  1283               	bcf	3,5	;RP0=0, select bank0
   692  0147  1303               	bcf	3,6	;RP1=0, select bank0
   693  0148  0095               	movwf	21	;volatile
   694  0149                     l954:	
   695                           ;gerador.c: 120: while(++ok<=a);
   696                           
   697  0149  3001               	movlw	1
   698  014A  00A0               	movwf	??_main
   699  014B  0820               	movf	??_main,w
   700  014C  07F7               	addwf	_ok,f
   701  014D  0877               	movf	_ok,w
   702  014E  00A1               	movwf	??_main+1
   703  014F  01A2               	clrf	??_main+2
   704  0150  0822               	movf	??_main+2,w
   705  0151  027A               	subwf	_a+1,w
   706  0152  1D03               	skipz
   707  0153  2956               	goto	u495
   708  0154  0821               	movf	??_main+1,w
   709  0155  0279               	subwf	_a,w
   710  0156                     u495:	
   711  0156  1803               	skipnc
   712  0157  2949               	goto	l954
   713                           
   714                           ;gerador.c: 121: _nop();
   715  0158  0000               	nop
   716                           
   717                           ;gerador.c: 122: ok=0;
   718  0159  01F7               	clrf	_ok
   719                           
   720                           ;gerador.c: 123: CCPR1L=95;
   721  015A  305F               	movlw	95
   722  015B  1283               	bcf	3,5	;RP0=0, select bank0
   723  015C  1303               	bcf	3,6	;RP1=0, select bank0
   724  015D  0095               	movwf	21	;volatile
   725  015E                     l960:	
   726                           ;gerador.c: 124: while(++ok<=a);
   727                           
   728  015E  3001               	movlw	1
   729  015F  00A0               	movwf	??_main
   730  0160  0820               	movf	??_main,w
   731  0161  07F7               	addwf	_ok,f
   732  0162  0877               	movf	_ok,w
   733  0163  00A1               	movwf	??_main+1
   734  0164  01A2               	clrf	??_main+2
   735  0165  0822               	movf	??_main+2,w
   736  0166  027A               	subwf	_a+1,w
   737  0167  1D03               	skipz
   738  0168  296B               	goto	u505
   739  0169  0821               	movf	??_main+1,w
   740  016A  0279               	subwf	_a,w
   741  016B                     u505:	
   742  016B  1803               	skipnc
   743  016C  295E               	goto	l960
   744                           
   745                           ;gerador.c: 125: _nop();
   746  016D  0000               	nop
   747                           
   748                           ;gerador.c: 126: ok=0;
   749  016E  01F7               	clrf	_ok
   750                           
   751                           ;gerador.c: 127: CCPR1L=98;
   752  016F  3062               	movlw	98
   753  0170  1283               	bcf	3,5	;RP0=0, select bank0
   754  0171  1303               	bcf	3,6	;RP1=0, select bank0
   755  0172  0095               	movwf	21	;volatile
   756  0173                     l966:	
   757                           ;gerador.c: 128: while(++ok<=a);
   758                           
   759  0173  3001               	movlw	1
   760  0174  00A0               	movwf	??_main
   761  0175  0820               	movf	??_main,w
   762  0176  07F7               	addwf	_ok,f
   763  0177  0877               	movf	_ok,w
   764  0178  00A1               	movwf	??_main+1
   765  0179  01A2               	clrf	??_main+2
   766  017A  0822               	movf	??_main+2,w
   767  017B  027A               	subwf	_a+1,w
   768  017C  1D03               	skipz
   769  017D  2980               	goto	u515
   770  017E  0821               	movf	??_main+1,w
   771  017F  0279               	subwf	_a,w
   772  0180                     u515:	
   773  0180  1803               	skipnc
   774  0181  2973               	goto	l966
   775                           
   776                           ;gerador.c: 129: _nop();
   777  0182  0000               	nop
   778                           
   779                           ;gerador.c: 130: ok=0;
   780  0183  01F7               	clrf	_ok
   781                           
   782                           ;gerador.c: 131: CCPR1L=99;
   783  0184  3063               	movlw	99
   784  0185  1283               	bcf	3,5	;RP0=0, select bank0
   785  0186  1303               	bcf	3,6	;RP1=0, select bank0
   786  0187  0095               	movwf	21	;volatile
   787  0188                     l972:	
   788                           ;gerador.c: 132: while(++ok<=a);
   789                           
   790  0188  3001               	movlw	1
   791  0189  00A0               	movwf	??_main
   792  018A  0820               	movf	??_main,w
   793  018B  07F7               	addwf	_ok,f
   794  018C  0877               	movf	_ok,w
   795  018D  00A1               	movwf	??_main+1
   796  018E  01A2               	clrf	??_main+2
   797  018F  0822               	movf	??_main+2,w
   798  0190  027A               	subwf	_a+1,w
   799  0191  1D03               	skipz
   800  0192  2995               	goto	u525
   801  0193  0821               	movf	??_main+1,w
   802  0194  0279               	subwf	_a,w
   803  0195                     u525:	
   804  0195  1803               	skipnc
   805  0196  2988               	goto	l972
   806                           
   807                           ;gerador.c: 133: _nop();
   808  0197  0000               	nop
   809                           
   810                           ;gerador.c: 134: ok=0;
   811  0198  01F7               	clrf	_ok
   812                           
   813                           ;gerador.c: 135: CCPR1L=100;
   814  0199  3064               	movlw	100
   815  019A  1283               	bcf	3,5	;RP0=0, select bank0
   816  019B  1303               	bcf	3,6	;RP1=0, select bank0
   817  019C  0095               	movwf	21	;volatile
   818  019D                     l978:	
   819                           ;gerador.c: 136: while(++ok<=a);
   820                           
   821  019D  3001               	movlw	1
   822  019E  00A0               	movwf	??_main
   823  019F  0820               	movf	??_main,w
   824  01A0  07F7               	addwf	_ok,f
   825  01A1  0877               	movf	_ok,w
   826  01A2  00A1               	movwf	??_main+1
   827  01A3  01A2               	clrf	??_main+2
   828  01A4  0822               	movf	??_main+2,w
   829  01A5  027A               	subwf	_a+1,w
   830  01A6  1D03               	skipz
   831  01A7  29AA               	goto	u535
   832  01A8  0821               	movf	??_main+1,w
   833  01A9  0279               	subwf	_a,w
   834  01AA                     u535:	
   835  01AA  1803               	skipnc
   836  01AB  299D               	goto	l978
   837                           
   838                           ;gerador.c: 137: _nop();
   839  01AC  0000               	nop
   840                           
   841                           ;gerador.c: 138: ok=0;
   842  01AD  01F7               	clrf	_ok
   843                           
   844                           ;gerador.c: 139: CCPR1L=99;
   845  01AE  3063               	movlw	99
   846  01AF  1283               	bcf	3,5	;RP0=0, select bank0
   847  01B0  1303               	bcf	3,6	;RP1=0, select bank0
   848  01B1  0095               	movwf	21	;volatile
   849  01B2                     l984:	
   850                           ;gerador.c: 140: while(++ok<=a);
   851                           
   852  01B2  3001               	movlw	1
   853  01B3  00A0               	movwf	??_main
   854  01B4  0820               	movf	??_main,w
   855  01B5  07F7               	addwf	_ok,f
   856  01B6  0877               	movf	_ok,w
   857  01B7  00A1               	movwf	??_main+1
   858  01B8  01A2               	clrf	??_main+2
   859  01B9  0822               	movf	??_main+2,w
   860  01BA  027A               	subwf	_a+1,w
   861  01BB  1D03               	skipz
   862  01BC  29BF               	goto	u545
   863  01BD  0821               	movf	??_main+1,w
   864  01BE  0279               	subwf	_a,w
   865  01BF                     u545:	
   866  01BF  1803               	skipnc
   867  01C0  29B2               	goto	l984
   868                           
   869                           ;gerador.c: 141: _nop();
   870  01C1  0000               	nop
   871                           
   872                           ;gerador.c: 142: ok=0;
   873  01C2  01F7               	clrf	_ok
   874                           
   875                           ;gerador.c: 143: CCPR1L=98;
   876  01C3  3062               	movlw	98
   877  01C4  1283               	bcf	3,5	;RP0=0, select bank0
   878  01C5  1303               	bcf	3,6	;RP1=0, select bank0
   879  01C6  0095               	movwf	21	;volatile
   880  01C7                     l990:	
   881                           ;gerador.c: 144: while(++ok<=a);
   882                           
   883  01C7  3001               	movlw	1
   884  01C8  00A0               	movwf	??_main
   885  01C9  0820               	movf	??_main,w
   886  01CA  07F7               	addwf	_ok,f
   887  01CB  0877               	movf	_ok,w
   888  01CC  00A1               	movwf	??_main+1
   889  01CD  01A2               	clrf	??_main+2
   890  01CE  0822               	movf	??_main+2,w
   891  01CF  027A               	subwf	_a+1,w
   892  01D0  1D03               	skipz
   893  01D1  29D4               	goto	u555
   894  01D2  0821               	movf	??_main+1,w
   895  01D3  0279               	subwf	_a,w
   896  01D4                     u555:	
   897  01D4  1803               	skipnc
   898  01D5  29C7               	goto	l990
   899                           
   900                           ;gerador.c: 145: _nop();
   901  01D6  0000               	nop
   902                           
   903                           ;gerador.c: 146: ok=0;
   904  01D7  01F7               	clrf	_ok
   905                           
   906                           ;gerador.c: 147: CCPR1L=95;
   907  01D8  305F               	movlw	95
   908  01D9  1283               	bcf	3,5	;RP0=0, select bank0
   909  01DA  1303               	bcf	3,6	;RP1=0, select bank0
   910  01DB  0095               	movwf	21	;volatile
   911  01DC                     l996:	
   912                           ;gerador.c: 148: while(++ok<=a);
   913                           
   914  01DC  3001               	movlw	1
   915  01DD  00A0               	movwf	??_main
   916  01DE  0820               	movf	??_main,w
   917  01DF  07F7               	addwf	_ok,f
   918  01E0  0877               	movf	_ok,w
   919  01E1  00A1               	movwf	??_main+1
   920  01E2  01A2               	clrf	??_main+2
   921  01E3  0822               	movf	??_main+2,w
   922  01E4  027A               	subwf	_a+1,w
   923  01E5  1D03               	skipz
   924  01E6  29E9               	goto	u565
   925  01E7  0821               	movf	??_main+1,w
   926  01E8  0279               	subwf	_a,w
   927  01E9                     u565:	
   928  01E9  1803               	skipnc
   929  01EA  29DC               	goto	l996
   930                           
   931                           ;gerador.c: 149: _nop();
   932  01EB  0000               	nop
   933                           
   934                           ;gerador.c: 150: ok=0;
   935  01EC  01F7               	clrf	_ok
   936                           
   937                           ;gerador.c: 151: CCPR1L=91;
   938  01ED  305B               	movlw	91
   939  01EE  1283               	bcf	3,5	;RP0=0, select bank0
   940  01EF  1303               	bcf	3,6	;RP1=0, select bank0
   941  01F0  0095               	movwf	21	;volatile
   942  01F1                     l1002:	
   943                           ;gerador.c: 152: while(++ok<=a);
   944                           
   945  01F1  3001               	movlw	1
   946  01F2  00A0               	movwf	??_main
   947  01F3  0820               	movf	??_main,w
   948  01F4  07F7               	addwf	_ok,f
   949  01F5  0877               	movf	_ok,w
   950  01F6  00A1               	movwf	??_main+1
   951  01F7  01A2               	clrf	??_main+2
   952  01F8  0822               	movf	??_main+2,w
   953  01F9  027A               	subwf	_a+1,w
   954  01FA  1D03               	skipz
   955  01FB  29FE               	goto	u575
   956  01FC  0821               	movf	??_main+1,w
   957  01FD  0279               	subwf	_a,w
   958  01FE                     u575:	
   959  01FE  1803               	skipnc
   960  01FF  29F1               	goto	l1002
   961                           
   962                           ;gerador.c: 153: _nop();
   963  0200  0000               	nop
   964                           
   965                           ;gerador.c: 154: ok=0;
   966  0201  01F7               	clrf	_ok
   967                           
   968                           ;gerador.c: 155: CCPR1L=87;
   969  0202  3057               	movlw	87
   970  0203  1283               	bcf	3,5	;RP0=0, select bank0
   971  0204  1303               	bcf	3,6	;RP1=0, select bank0
   972  0205  0095               	movwf	21	;volatile
   973  0206                     l1008:	
   974                           ;gerador.c: 156: while(++ok<=a);
   975                           
   976  0206  3001               	movlw	1
   977  0207  00A0               	movwf	??_main
   978  0208  0820               	movf	??_main,w
   979  0209  07F7               	addwf	_ok,f
   980  020A  0877               	movf	_ok,w
   981  020B  00A1               	movwf	??_main+1
   982  020C  01A2               	clrf	??_main+2
   983  020D  0822               	movf	??_main+2,w
   984  020E  027A               	subwf	_a+1,w
   985  020F  1D03               	skipz
   986  0210  2A13               	goto	u585
   987  0211  0821               	movf	??_main+1,w
   988  0212  0279               	subwf	_a,w
   989  0213                     u585:	
   990  0213  1803               	skipnc
   991  0214  2A06               	goto	l1008
   992                           
   993                           ;gerador.c: 157: _nop();
   994  0215  0000               	nop
   995                           
   996                           ;gerador.c: 158: ok=0;
   997  0216  01F7               	clrf	_ok
   998                           
   999                           ;gerador.c: 159: CCPR1L=81;
  1000  0217  3051               	movlw	81
  1001  0218  1283               	bcf	3,5	;RP0=0, select bank0
  1002  0219  1303               	bcf	3,6	;RP1=0, select bank0
  1003  021A  0095               	movwf	21	;volatile
  1004  021B                     l1014:	
  1005                           ;gerador.c: 160: while(++ok<=a);
  1006                           
  1007  021B  3001               	movlw	1
  1008  021C  00A0               	movwf	??_main
  1009  021D  0820               	movf	??_main,w
  1010  021E  07F7               	addwf	_ok,f
  1011  021F  0877               	movf	_ok,w
  1012  0220  00A1               	movwf	??_main+1
  1013  0221  01A2               	clrf	??_main+2
  1014  0222  0822               	movf	??_main+2,w
  1015  0223  027A               	subwf	_a+1,w
  1016  0224  1D03               	skipz
  1017  0225  2A28               	goto	u595
  1018  0226  0821               	movf	??_main+1,w
  1019  0227  0279               	subwf	_a,w
  1020  0228                     u595:	
  1021  0228  1803               	skipnc
  1022  0229  2A1B               	goto	l1014
  1023                           
  1024                           ;gerador.c: 161: _nop();
  1025  022A  0000               	nop
  1026                           
  1027                           ;gerador.c: 162: ok=0;
  1028  022B  01F7               	clrf	_ok
  1029                           
  1030                           ;gerador.c: 163: CCPR1L=74;
  1031  022C  304A               	movlw	74
  1032  022D  1283               	bcf	3,5	;RP0=0, select bank0
  1033  022E  1303               	bcf	3,6	;RP1=0, select bank0
  1034  022F  0095               	movwf	21	;volatile
  1035  0230                     l1020:	
  1036                           ;gerador.c: 164: while(++ok<=a);
  1037                           
  1038  0230  3001               	movlw	1
  1039  0231  00A0               	movwf	??_main
  1040  0232  0820               	movf	??_main,w
  1041  0233  07F7               	addwf	_ok,f
  1042  0234  0877               	movf	_ok,w
  1043  0235  00A1               	movwf	??_main+1
  1044  0236  01A2               	clrf	??_main+2
  1045  0237  0822               	movf	??_main+2,w
  1046  0238  027A               	subwf	_a+1,w
  1047  0239  1D03               	skipz
  1048  023A  2A3D               	goto	u605
  1049  023B  0821               	movf	??_main+1,w
  1050  023C  0279               	subwf	_a,w
  1051  023D                     u605:	
  1052  023D  1803               	skipnc
  1053  023E  2A30               	goto	l1020
  1054                           
  1055                           ;gerador.c: 165: _nop();
  1056  023F  0000               	nop
  1057                           
  1058                           ;gerador.c: 166: ok=0;
  1059  0240  01F7               	clrf	_ok
  1060                           
  1061                           ;gerador.c: 167: CCPR1L=67;
  1062  0241  3043               	movlw	67
  1063  0242  1283               	bcf	3,5	;RP0=0, select bank0
  1064  0243  1303               	bcf	3,6	;RP1=0, select bank0
  1065  0244  0095               	movwf	21	;volatile
  1066  0245                     l1026:	
  1067                           ;gerador.c: 168: while(++ok<=a);
  1068                           
  1069  0245  3001               	movlw	1
  1070  0246  00A0               	movwf	??_main
  1071  0247  0820               	movf	??_main,w
  1072  0248  07F7               	addwf	_ok,f
  1073  0249  0877               	movf	_ok,w
  1074  024A  00A1               	movwf	??_main+1
  1075  024B  01A2               	clrf	??_main+2
  1076  024C  0822               	movf	??_main+2,w
  1077  024D  027A               	subwf	_a+1,w
  1078  024E  1D03               	skipz
  1079  024F  2A52               	goto	u615
  1080  0250  0821               	movf	??_main+1,w
  1081  0251  0279               	subwf	_a,w
  1082  0252                     u615:	
  1083  0252  1803               	skipnc
  1084  0253  2A45               	goto	l1026
  1085                           
  1086                           ;gerador.c: 169: _nop();
  1087  0254  0000               	nop
  1088                           
  1089                           ;gerador.c: 170: ok=0;
  1090  0255  01F7               	clrf	_ok
  1091                           
  1092                           ;gerador.c: 171: CCPR1L=59;
  1093  0256  303B               	movlw	59
  1094  0257  1283               	bcf	3,5	;RP0=0, select bank0
  1095  0258  1303               	bcf	3,6	;RP1=0, select bank0
  1096  0259  0095               	movwf	21	;volatile
  1097  025A                     l1032:	
  1098                           ;gerador.c: 172: while(++ok<=a);
  1099                           
  1100  025A  3001               	movlw	1
  1101  025B  00A0               	movwf	??_main
  1102  025C  0820               	movf	??_main,w
  1103  025D  07F7               	addwf	_ok,f
  1104  025E  0877               	movf	_ok,w
  1105  025F  00A1               	movwf	??_main+1
  1106  0260  01A2               	clrf	??_main+2
  1107  0261  0822               	movf	??_main+2,w
  1108  0262  027A               	subwf	_a+1,w
  1109  0263  1D03               	skipz
  1110  0264  2A67               	goto	u625
  1111  0265  0821               	movf	??_main+1,w
  1112  0266  0279               	subwf	_a,w
  1113  0267                     u625:	
  1114  0267  1803               	skipnc
  1115  0268  2A5A               	goto	l1032
  1116                           
  1117                           ;gerador.c: 173: _nop();
  1118  0269  0000               	nop
  1119                           
  1120                           ;gerador.c: 174: ok=0;
  1121  026A  01F7               	clrf	_ok
  1122                           
  1123                           ;gerador.c: 175: CCPR1L=50;
  1124  026B  3032               	movlw	50
  1125  026C  1283               	bcf	3,5	;RP0=0, select bank0
  1126  026D  1303               	bcf	3,6	;RP1=0, select bank0
  1127  026E  0095               	movwf	21	;volatile
  1128  026F                     l1038:	
  1129                           ;gerador.c: 176: while(++ok<=a);
  1130                           
  1131  026F  3001               	movlw	1
  1132  0270  00A0               	movwf	??_main
  1133  0271  0820               	movf	??_main,w
  1134  0272  07F7               	addwf	_ok,f
  1135  0273  0877               	movf	_ok,w
  1136  0274  00A1               	movwf	??_main+1
  1137  0275  01A2               	clrf	??_main+2
  1138  0276  0822               	movf	??_main+2,w
  1139  0277  027A               	subwf	_a+1,w
  1140  0278  1D03               	skipz
  1141  0279  2A7C               	goto	u635
  1142  027A  0821               	movf	??_main+1,w
  1143  027B  0279               	subwf	_a,w
  1144  027C                     u635:	
  1145  027C  1803               	skipnc
  1146  027D  2A6F               	goto	l1038
  1147                           
  1148                           ;gerador.c: 177: _nop();
  1149  027E  0000               	nop
  1150                           
  1151                           ;gerador.c: 178: ok=0;
  1152  027F  01F7               	clrf	_ok
  1153                           
  1154                           ;gerador.c: 179: CCPR1L=41;
  1155  0280  3029               	movlw	41
  1156  0281  1283               	bcf	3,5	;RP0=0, select bank0
  1157  0282  1303               	bcf	3,6	;RP1=0, select bank0
  1158  0283  0095               	movwf	21	;volatile
  1159  0284                     l1044:	
  1160                           ;gerador.c: 180: while(++ok<=a);
  1161                           
  1162  0284  3001               	movlw	1
  1163  0285  00A0               	movwf	??_main
  1164  0286  0820               	movf	??_main,w
  1165  0287  07F7               	addwf	_ok,f
  1166  0288  0877               	movf	_ok,w
  1167  0289  00A1               	movwf	??_main+1
  1168  028A  01A2               	clrf	??_main+2
  1169  028B  0822               	movf	??_main+2,w
  1170  028C  027A               	subwf	_a+1,w
  1171  028D  1D03               	skipz
  1172  028E  2A91               	goto	u645
  1173  028F  0821               	movf	??_main+1,w
  1174  0290  0279               	subwf	_a,w
  1175  0291                     u645:	
  1176  0291  1803               	skipnc
  1177  0292  2A84               	goto	l1044
  1178                           
  1179                           ;gerador.c: 181: _nop();
  1180  0293  0000               	nop
  1181                           
  1182                           ;gerador.c: 182: ok=0;
  1183  0294  01F7               	clrf	_ok
  1184                           
  1185                           ;gerador.c: 183: CCPR1L=31;
  1186  0295  301F               	movlw	31
  1187  0296  1283               	bcf	3,5	;RP0=0, select bank0
  1188  0297  1303               	bcf	3,6	;RP1=0, select bank0
  1189  0298  0095               	movwf	21	;volatile
  1190  0299                     l1050:	
  1191                           ;gerador.c: 184: while(++ok<=a);
  1192                           
  1193  0299  3001               	movlw	1
  1194  029A  00A0               	movwf	??_main
  1195  029B  0820               	movf	??_main,w
  1196  029C  07F7               	addwf	_ok,f
  1197  029D  0877               	movf	_ok,w
  1198  029E  00A1               	movwf	??_main+1
  1199  029F  01A2               	clrf	??_main+2
  1200  02A0  0822               	movf	??_main+2,w
  1201  02A1  027A               	subwf	_a+1,w
  1202  02A2  1D03               	skipz
  1203  02A3  2AA6               	goto	u655
  1204  02A4  0821               	movf	??_main+1,w
  1205  02A5  0279               	subwf	_a,w
  1206  02A6                     u655:	
  1207  02A6  1803               	skipnc
  1208  02A7  2A99               	goto	l1050
  1209                           
  1210                           ;gerador.c: 185: _nop();
  1211  02A8  0000               	nop
  1212                           
  1213                           ;gerador.c: 186: ok=0;
  1214  02A9  01F7               	clrf	_ok
  1215                           
  1216                           ;gerador.c: 187: CCPR1L=21;
  1217  02AA  3015               	movlw	21
  1218  02AB  1283               	bcf	3,5	;RP0=0, select bank0
  1219  02AC  1303               	bcf	3,6	;RP1=0, select bank0
  1220  02AD  0095               	movwf	21	;volatile
  1221  02AE                     l1056:	
  1222                           ;gerador.c: 188: while(++ok<=a);
  1223                           
  1224  02AE  3001               	movlw	1
  1225  02AF  00A0               	movwf	??_main
  1226  02B0  0820               	movf	??_main,w
  1227  02B1  07F7               	addwf	_ok,f
  1228  02B2  0877               	movf	_ok,w
  1229  02B3  00A1               	movwf	??_main+1
  1230  02B4  01A2               	clrf	??_main+2
  1231  02B5  0822               	movf	??_main+2,w
  1232  02B6  027A               	subwf	_a+1,w
  1233  02B7  1D03               	skipz
  1234  02B8  2ABB               	goto	u665
  1235  02B9  0821               	movf	??_main+1,w
  1236  02BA  0279               	subwf	_a,w
  1237  02BB                     u665:	
  1238  02BB  1803               	skipnc
  1239  02BC  2AAE               	goto	l1056
  1240                           
  1241                           ;gerador.c: 189: _nop();
  1242  02BD  0000               	nop
  1243                           
  1244                           ;gerador.c: 190: ok=0;
  1245  02BE  01F7               	clrf	_ok
  1246                           
  1247                           ;gerador.c: 191: CCPR1L=10;
  1248  02BF  300A               	movlw	10
  1249  02C0  1283               	bcf	3,5	;RP0=0, select bank0
  1250  02C1  1303               	bcf	3,6	;RP1=0, select bank0
  1251  02C2  0095               	movwf	21	;volatile
  1252  02C3  2842               	goto	l880
  1253  02C4                     __end_of_main:	
  1254                           
  1255                           	psect	text1
  1256  02C4                     __ptext1:	
  1257 ;; *************** function _xandi *****************
  1258 ;; Defined at:
  1259 ;;		line 24 in file "gerador.c"
  1260 ;; Parameters:    Size  Location     Type
  1261 ;;		None
  1262 ;; Auto vars:     Size  Location     Type
  1263 ;;		None
  1264 ;; Return value:  Size  Location     Type
  1265 ;;		None               void
  1266 ;; Registers used:
  1267 ;;		wreg
  1268 ;; Tracked objects:
  1269 ;;		On entry : 0/0
  1270 ;;		On exit  : 0/0
  1271 ;;		Unchanged: 0/0
  1272 ;; Data sizes:     COMMON   BANK0   BANK1   BANK2
  1273 ;;      Params:         0       0       0       0
  1274 ;;      Locals:         0       0       0       0
  1275 ;;      Temps:          6       0       0       0
  1276 ;;      Totals:         6       0       0       0
  1277 ;;Total ram usage:        6 bytes
  1278 ;; Hardware stack levels used:    1
  1279 ;; This function calls:
  1280 ;;		Nothing
  1281 ;; This function is called by:
  1282 ;;		Interrupt level 1
  1283 ;; This function uses a non-reentrant model
  1284 ;;
  1285                           
  1286                           
  1287                           ;psect for function _xandi
  1288  02C4                     _xandi:	
  1289                           
  1290                           ;gerador.c: 29: if (TMR2IF){
  1291  02C4  1C8C               	btfss	12,1	;volatile
  1292  02C5  2ACB               	goto	i1l65
  1293                           
  1294                           ;gerador.c: 30: TMR2IE=0;
  1295  02C6  1683               	bsf	3,5	;RP0=1, select bank1
  1296  02C7  1303               	bcf	3,6	;RP1=0, select bank1
  1297  02C8  108C               	bcf	12,1	;volatile
  1298                           
  1299                           ;gerador.c: 31: TRISC5=1;
  1300  02C9  1687               	bsf	7,5	;volatile
  1301                           
  1302                           ;gerador.c: 32: TRISC4=1;
  1303  02CA  1607               	bsf	7,4	;volatile
  1304  02CB                     i1l65:	
  1305                           
  1306                           ;gerador.c: 33: }
  1307                           ;gerador.c: 35: if (TMR1IF){
  1308  02CB  1283               	bcf	3,5	;RP0=0, select bank0
  1309  02CC  1C0C               	btfss	12,0	;volatile
  1310  02CD  2ADF               	goto	i1l67
  1311                           
  1312                           ;gerador.c: 36: TMR1IF=0;
  1313  02CE  100C               	bcf	12,0	;volatile
  1314                           
  1315                           ;gerador.c: 37: TMR1L=(63535&0xFF);
  1316  02CF  302F               	movlw	47
  1317  02D0  008E               	movwf	14	;volatile
  1318                           
  1319                           ;gerador.c: 38: TMR1H=((63535>>8)&0xFF);
  1320  02D1  30F8               	movlw	248
  1321  02D2  008F               	movwf	15	;volatile
  1322                           
  1323                           ;gerador.c: 39: a=((ADRESH)+24);
  1324  02D3  081E               	movf	30,w	;volatile
  1325  02D4  3E18               	addlw	24
  1326  02D5  00F0               	movwf	??_xandi
  1327  02D6  3000               	movlw	0
  1328  02D7  1803               	skipnc
  1329  02D8  3001               	movlw	1
  1330  02D9  00F1               	movwf	??_xandi+1
  1331  02DA  0870               	movf	??_xandi,w
  1332  02DB  00F9               	movwf	_a
  1333  02DC  0871               	movf	??_xandi+1,w
  1334  02DD  00FA               	movwf	_a+1
  1335                           
  1336                           ;gerador.c: 42: GO=1;
  1337  02DE  149F               	bsf	31,1	;volatile
  1338  02DF                     i1l67:	
  1339  02DF  0875               	movf	??_xandi+5,w
  1340  02E0  00FF               	movwf	127
  1341  02E1  0874               	movf	??_xandi+4,w
  1342  02E2  008A               	movwf	10
  1343  02E3  0873               	movf	??_xandi+3,w
  1344  02E4  0084               	movwf	4
  1345  02E5  0E72               	swapf	(??_xandi+2)^(0+-128),w
  1346  02E6  0083               	movwf	3
  1347  02E7  0EFE               	swapf	126,f
  1348  02E8  0E7E               	swapf	126,w
  1349  02E9  0009               	retfie
  1350  02EA                     __end_of_xandi:	
  1351  007E                     btemp	set	126	;btemp
  1352  007E                     wtemp0	set	126
  1353                           
  1354                           	psect	intentry
  1355  0004                     __pintentry:	
  1356                           ;incstack = 0
  1357                           ; Regs used in _xandi: [wreg]
  1358                           
  1359  0004                     interrupt_function:	
  1360  007E                     saved_w	set	btemp
  1361  0004  00FE               	movwf	btemp
  1362  0005  0E03               	swapf	3,w
  1363  0006  00F2               	movwf	??_xandi+2
  1364  0007  0804               	movf	4,w
  1365  0008  00F3               	movwf	??_xandi+3
  1366  0009  080A               	movf	10,w
  1367  000A  00F4               	movwf	??_xandi+4
  1368  000B  1283               	bcf	3,5	;RP0=0, select bank0
  1369  000C  1303               	bcf	3,6	;RP1=0, select bank0
  1370  000D  087F               	movf	btemp+1,w
  1371  000E  00F5               	movwf	??_xandi+5
  1372  000F  118A  2AC4         	ljmp	_xandi


Data Sizes:
    Strings     0
    Constant    0
    Data        2
    BSS         3
    Persistent  0
    Stack       0

Auto Spaces:
    Space          Size  Autos    Used
    COMMON           14      6      11
    BANK0            80      3       3
    BANK1            80      0       0
    BANK2            80      0       0

Pointer List with Targets:

    None.

Critical Paths under _main in COMMON

    None.

Critical Paths under _xandi in COMMON

    None.

Critical Paths under _main in BANK0

    None.

Critical Paths under _xandi in BANK0

    None.

Critical Paths under _main in BANK1

    None.

Critical Paths under _xandi in BANK1

    None.

Critical Paths under _main in BANK2

    None.

Critical Paths under _xandi in BANK2

    None.

Call Graph Tables:

 ---------------------------------------------------------------------------------
 (Depth) Function   	        Calls       Base Space   Used Autos Params    Refs
 ---------------------------------------------------------------------------------
 (0) _main                                                 3     3      0       0
                                              0 BANK0      3     3      0
 ---------------------------------------------------------------------------------
 Estimated maximum stack depth 0
 ---------------------------------------------------------------------------------
 (Depth) Function   	        Calls       Base Space   Used Autos Params    Refs
 ---------------------------------------------------------------------------------
 (1) _xandi                                                6     6      0       0
                                              0 COMMON     6     6      0
 ---------------------------------------------------------------------------------
 Estimated maximum stack depth 1
 ---------------------------------------------------------------------------------

 Call Graph Graphs:

 _main (ROOT)

 _xandi (ROOT)

 Address spaces:
Name               Size   Autos  Total    Cost      Usage
SFR3                 0      0       0       4        0.0%
BITSFR3              0      0       0       4        0.0%
BANK2               50      0       0       7        0.0%
BITBANK2            50      0       0       6        0.0%
SFR2                 0      0       0       5        0.0%
BITSFR2              0      0       0       5        0.0%
BANK1               50      0       0       5        0.0%
BITBANK1            50      0       0       4        0.0%
SFR1                 0      0       0       2        0.0%
BITSFR1              0      0       0       2        0.0%
BANK0               50      3       3       3        3.8%
BITBANK0            50      0       0       9        0.0%
SFR0                 0      0       0       1        0.0%
BITSFR0              0      0       0       1        0.0%
COMMON               E      6       B       1       78.6%
BITCOMMON            E      0       0       0        0.0%
CODE                 0      0       0       0        0.0%
DATA                 0      0       E      10        0.0%
ABS                  0      0       E       8        0.0%
NULL                 0      0       0       0        0.0%
STACK                0      0       0       2        0.0%
EEDATA             100      0       0       0        0.0%


Microchip Technology PIC Macro Assembler V1.20 build 52243 
Symbol Table                                                                                   Mon Aug 04 20:27:17 2014

                      _a 0079              __CFG_CP$OFF 0000                       _GO 00F9  
                     _ok 0077                      l900 008C                      l912 00B6  
                    l930 00F5                      l906 00A1                      l924 00E0  
                    l942 011F                      l918 00CB                      l960 015E  
                    l936 010A                      l880 0042                      l954 0149  
                    l972 0188                      l948 0134                      l892 0075  
                    l884 0057                      l990 01C7                      l966 0173  
                    l894 0077                      l984 01B2                      l978 019D  
                    l996 01DC                      _RA0 0028                      _RA1 0029  
                    u405 0099                      _PR2 0092                      u415 00AE  
                    u505 016B                      u425 00C3                      u370 0072  
           __CFG_CPD$OFF 0000                      u515 0180                      u435 00D8  
                    u355 0050                      u605 023D                      u525 0195  
                    u445 00ED                      u365 0064                      u615 0252  
                    u535 01AA                      u455 0102                      u625 0267  
                    u545 01BF                      u465 0117                      u635 027C  
                    u555 01D4                      u475 012C                      u395 0084  
                    u645 0291                      u565 01E9                      u485 0141  
                    u655 02A6                      u575 01FE                      u495 0156  
                    u665 02BB                      u585 0213                      u595 0228  
                    fsr0 0004             __CFG_FOSC$HS 0000                     l1002 01F1  
                   l1020 0230                     l1014 021B                     l1032 025A  
                   l1008 0206                     l1050 0299                     l1026 0245  
                   l1044 0284                     l1038 026F                     l1056 02AE  
                   i1l65 02CB                     i1l67 02DF                     _cont 0076  
                   _main 0013                     btemp 007E                     start 0011  
          __CFG_IESO$OFF 0000                    ?_main 0070            __CFG_WDTE$OFF 0000  
                  _ANSEL 011E                    _T1CON 0010                    _T2CON 0012  
                  _TMR1H 000F                    _TMR1L 000E                    _TRISA 0085  
                  _TRISB 0086                    _TRISC 0087            __CFG_PWRTE$ON 0000  
         __CFG_FCMEN$OFF 0000                    _tempo 0078                    _xandi 02C4  
         __CFG_BOREN$OFF 0000                    pclath 000A                    status 0003  
                  wtemp0 007E           __CFG_MCLRE$OFF 0000          __initialization 02EA  
           __end_of_main 02C4                   ??_main 0020                   _ADCON0 001F  
                 _ADCON1 009F                   _ADRESH 001E                   _CCPR1L 0015  
                 ?_xandi 0070                   _ANSELH 011F                   _INTCON 000B  
                 _TMR1IE 0460                   _TMR1IF 0060                   _TMR2IE 0461  
                 _TMR2IF 0061                   _TMR2ON 0092                   _TRISC4 043C  
                 _TRISC5 043D             __pdataCOMMON 0079                   saved_w 007E  
__end_of__initialization 02F4           __pcstackCOMMON 0070            __end_of_xandi 02EA  
                ??_xandi 0070               __pmaintext 0013               __pintentry 0004  
                _CCP1CON 0017                  __ptext1 02C4     end_of_initialization 02F4  
          __pidataCOMMON 02F7      start_initialization 02EA              __pbssCOMMON 0076  
          __pcstackBANK0 0020           __size_of_xandi 0026        interrupt_function 0004  
          __size_of_main 02B1                 intlevel1 0000  
